2025-03-08 15:31:37,531 - INFO - Found invalid JSON in: chapter-1-infiltration-final.json - Error: Expecting property name enclosed in double quotes: line 2 column 3 (char 4)
2025-03-08 15:31:37,535 - INFO - Scanning directory: C:\CustomScripts\Python\taskRPG\stories
2025-03-08 15:31:37,537 - INFO - Found 29 JSON files.
2025-03-08 15:31:37,549 - INFO - Checking: chapter-1-infiltration-final.json
2025-03-08 15:31:37,551 - DEBUG - Detailed error for chapter-1-infiltration-final.json:
Traceback (most recent call last):
  File "C:\CustomScripts\Python\taskRPG\json-repair-gui.py", line 211, in is_valid_json
    json.loads(content)
  File "C:\Users\gabri\AppData\Local\Programs\Python\Python312\Lib\json\__init__.py", line 346, in loads
    return _default_decoder.decode(s)
           ^^^^^^^^^^^^^^^^^^^^^^^^^^
  File "C:\Users\gabri\AppData\Local\Programs\Python\Python312\Lib\json\decoder.py", line 337, in decode
    obj, end = self.raw_decode(s, idx=_w(s, 0).end())
               ^^^^^^^^^^^^^^^^^^^^^^^^^^^^^^^^^^^^^^
  File "C:\Users\gabri\AppData\Local\Programs\Python\Python312\Lib\json\decoder.py", line 353, in raw_decode
    obj, end = self.scan_once(s, idx)
               ^^^^^^^^^^^^^^^^^^^^^^
json.decoder.JSONDecodeError: Expecting property name enclosed in double quotes: line 2 column 3 (char 4)

2025-03-08 15:31:37,552 - DEBUG - JSON content around error position (char 4):
{
  [Previous nodes 1-10 remain the same as they're working well]

  "node11": {
    "text": "'The neura
2025-03-08 15:31:37,552 - DEBUG - Marked context:
{
   >>> ERROR HERE >>> [Previous nodes 1-10 remain the same as they're working well]

  "node11": {
    "text": "'The neura
2025-03-08 15:31:37,554 - INFO - Checking: chapter-1-team-meeting-final.json
2025-03-08 15:31:37,554 - INFO - Found invalid JSON in: chapter-1-team-meeting-final.json - Error: Expecting ',' delimiter: line 37 column 220 (char 3629)
2025-03-08 15:31:37,555 - DEBUG - Detailed error for chapter-1-team-meeting-final.json:
Traceback (most recent call last):
  File "C:\CustomScripts\Python\taskRPG\json-repair-gui.py", line 211, in is_valid_json
    json.loads(content)
  File "C:\Users\gabri\AppData\Local\Programs\Python\Python312\Lib\json\__init__.py", line 346, in loads
    return _default_decoder.decode(s)
           ^^^^^^^^^^^^^^^^^^^^^^^^^^
  File "C:\Users\gabri\AppData\Local\Programs\Python\Python312\Lib\json\decoder.py", line 337, in decode
    obj, end = self.raw_decode(s, idx=_w(s, 0).end())
               ^^^^^^^^^^^^^^^^^^^^^^^^^^^^^^^^^^^^^^
  File "C:\Users\gabri\AppData\Local\Programs\Python\Python312\Lib\json\decoder.py", line 353, in raw_decode
    obj, end = self.scan_once(s, idx)
               ^^^^^^^^^^^^^^^^^^^^^^
json.decoder.JSONDecodeError: Expecting ',' delimiter: line 37 column 220 (char 3629)

2025-03-08 15:31:37,555 - DEBUG - JSON content around error position (char 3629):
ption effect - readable only from their exact position. 'Fifty-seven kids across Seattle. All with "donated" military-grade chrome showing specific rejection patterns.' His goggles reflect scrolling d
2025-03-08 15:31:37,555 - DEBUG - Marked context:
ption effect - readable only from their exact position. 'Fifty-seven kids across Seattle. All with " >>> ERROR HERE >>> donated" military-grade chrome showing specific rejection patterns.' His goggles reflect scrolling d
2025-03-08 15:31:37,555 - INFO - Found invalid JSON in: chapter-1-team-meeting.json - Error: Expecting ',' delimiter: line 16 column 206 (char 1466)
2025-03-08 15:31:37,556 - DEBUG - Detailed error for chapter-1-team-meeting.json:
Traceback (most recent call last):
  File "C:\CustomScripts\Python\taskRPG\json-repair-gui.py", line 211, in is_valid_json
    json.loads(content)
  File "C:\Users\gabri\AppData\Local\Programs\Python\Python312\Lib\json\__init__.py", line 346, in loads
    return _default_decoder.decode(s)
           ^^^^^^^^^^^^^^^^^^^^^^^^^^
  File "C:\Users\gabri\AppData\Local\Programs\Python\Python312\Lib\json\decoder.py", line 337, in decode
    obj, end = self.raw_decode(s, idx=_w(s, 0).end())
               ^^^^^^^^^^^^^^^^^^^^^^^^^^^^^^^^^^^^^^
  File "C:\Users\gabri\AppData\Local\Programs\Python\Python312\Lib\json\decoder.py", line 353, in raw_decode
    obj, end = self.scan_once(s, idx)
               ^^^^^^^^^^^^^^^^^^^^^^
json.decoder.JSONDecodeError: Expecting ',' delimiter: line 16 column 206 (char 1466)

2025-03-08 15:31:37,556 - DEBUG - JSON content around error position (char 1466):
sper's starting evacuations. Fifty-seven kids with similar implants identified across Seattle. All "donated" by Ares shell companies.' Maya's chrome eyes flicker as she accesses corporate records. 'Sa
2025-03-08 15:31:37,556 - DEBUG - Marked context:
sper's starting evacuations. Fifty-seven kids with similar implants identified across Seattle. All " >>> ERROR HERE >>> donated" by Ares shell companies.' Maya's chrome eyes flicker as she accesses corporate records. 'Sa
2025-03-08 15:31:37,557 - INFO - Found invalid JSON in: ext.json - Error: 'utf-8' codec can't decode byte 0xb9 in position 318: invalid start byte
2025-03-08 15:31:37,557 - INFO - Checking: chapter-1-team-meeting.json
2025-03-08 15:31:37,558 - DEBUG - Detailed error for ext.json:
Traceback (most recent call last):
  File "C:\CustomScripts\Python\taskRPG\json-repair-gui.py", line 210, in is_valid_json
    content = f.read()
              ^^^^^^^^
  File "<frozen codecs>", line 322, in decode
UnicodeDecodeError: 'utf-8' codec can't decode byte 0xb9 in position 318: invalid start byte

2025-03-08 15:31:37,563 - INFO - Checking: default_story.json
2025-03-08 15:31:37,564 - INFO - Checking: exc.json
2025-03-08 15:31:37,565 - INFO - Checking: ext.json
2025-03-08 15:31:37,565 - INFO - Found invalid JSON in: gimble-chapter-five.json - Error: Expecting value: line 1 column 1 (char 0)
2025-03-08 15:31:37,571 - INFO - Checking: Gimbble1.json
2025-03-08 15:31:37,571 - DEBUG - Detailed error for gimble-chapter-five.json:
Traceback (most recent call last):
  File "C:\CustomScripts\Python\taskRPG\json-repair-gui.py", line 211, in is_valid_json
    json.loads(content)
  File "C:\Users\gabri\AppData\Local\Programs\Python\Python312\Lib\json\__init__.py", line 346, in loads
    return _default_decoder.decode(s)
           ^^^^^^^^^^^^^^^^^^^^^^^^^^
  File "C:\Users\gabri\AppData\Local\Programs\Python\Python312\Lib\json\decoder.py", line 337, in decode
    obj, end = self.raw_decode(s, idx=_w(s, 0).end())
               ^^^^^^^^^^^^^^^^^^^^^^^^^^^^^^^^^^^^^^
  File "C:\Users\gabri\AppData\Local\Programs\Python\Python312\Lib\json\decoder.py", line 355, in raw_decode
    raise JSONDecodeError("Expecting value", s, err.value) from None
json.decoder.JSONDecodeError: Expecting value: line 1 column 1 (char 0)

2025-03-08 15:31:37,571 - DEBUG - JSON content around error position (char 0):
# GIMBLE: OPERATION QUANTUM TOAST - CHAPTER 5

```json
{
  "chapter_title": "Operation Quantum Toast
2025-03-08 15:31:37,573 - INFO - Checking: gimble-chapter-five.json
2025-03-08 15:31:37,574 - INFO - Found invalid JSON in: gimble-chapter-four.json - Error: Expecting value: line 1 column 1 (char 0)
2025-03-08 15:31:37,574 - DEBUG - Detailed error for gimble-chapter-four.json:
Traceback (most recent call last):
  File "C:\CustomScripts\Python\taskRPG\json-repair-gui.py", line 211, in is_valid_json
    json.loads(content)
  File "C:\Users\gabri\AppData\Local\Programs\Python\Python312\Lib\json\__init__.py", line 346, in loads
    return _default_decoder.decode(s)
           ^^^^^^^^^^^^^^^^^^^^^^^^^^
  File "C:\Users\gabri\AppData\Local\Programs\Python\Python312\Lib\json\decoder.py", line 337, in decode
    obj, end = self.raw_decode(s, idx=_w(s, 0).end())
               ^^^^^^^^^^^^^^^^^^^^^^^^^^^^^^^^^^^^^^
  File "C:\Users\gabri\AppData\Local\Programs\Python\Python312\Lib\json\decoder.py", line 355, in raw_decode
    raise JSONDecodeError("Expecting value", s, err.value) from None
json.decoder.JSONDecodeError: Expecting value: line 1 column 1 (char 0)

2025-03-08 15:31:37,574 - DEBUG - JSON content around error position (char 0):
# GIMBLE: QUANTUM ENTANGLEMENTS - CHAPTER 4

```json
{
  "chapter_title": "Quantum Entanglements",
 
2025-03-08 15:31:37,580 - INFO - Checking: gimble-chapter-four.json
2025-03-08 15:31:37,580 - INFO - Found invalid JSON in: gimble-chapter-fourv2.json - Error: Expecting value: line 1 column 1 (char 0)
2025-03-08 15:31:37,581 - INFO - Checking: gimble-chapter-fourv2.json
2025-03-08 15:31:37,581 - DEBUG - Detailed error for gimble-chapter-fourv2.json:
Traceback (most recent call last):
  File "C:\CustomScripts\Python\taskRPG\json-repair-gui.py", line 211, in is_valid_json
    json.loads(content)
  File "C:\Users\gabri\AppData\Local\Programs\Python\Python312\Lib\json\__init__.py", line 346, in loads
    return _default_decoder.decode(s)
           ^^^^^^^^^^^^^^^^^^^^^^^^^^
  File "C:\Users\gabri\AppData\Local\Programs\Python\Python312\Lib\json\decoder.py", line 337, in decode
    obj, end = self.raw_decode(s, idx=_w(s, 0).end())
               ^^^^^^^^^^^^^^^^^^^^^^^^^^^^^^^^^^^^^^
  File "C:\Users\gabri\AppData\Local\Programs\Python\Python312\Lib\json\decoder.py", line 355, in raw_decode
    raise JSONDecodeError("Expecting value", s, err.value) from None
json.decoder.JSONDecodeError: Expecting value: line 1 column 1 (char 0)

2025-03-08 15:31:37,581 - DEBUG - JSON content around error position (char 0):
# GIMBLE: QUANTUM ENTANGLEMENTS - CHAPTER 4

```json
{
  "chapter_title": "Quantum Entanglements",
 
2025-03-08 15:31:37,582 - INFO - Checking: gimble-json-story-chapter4 (1).json
2025-03-08 15:31:37,583 - INFO - Found invalid JSON in: gimble-json-story-chapter6.json - Error: Expecting ',' delimiter: line 106 column 257 (char 24249)
2025-03-08 15:31:37,583 - DEBUG - Detailed error for gimble-json-story-chapter6.json:
Traceback (most recent call last):
  File "C:\CustomScripts\Python\taskRPG\json-repair-gui.py", line 211, in is_valid_json
    json.loads(content)
  File "C:\Users\gabri\AppData\Local\Programs\Python\Python312\Lib\json\__init__.py", line 346, in loads
    return _default_decoder.decode(s)
           ^^^^^^^^^^^^^^^^^^^^^^^^^^
  File "C:\Users\gabri\AppData\Local\Programs\Python\Python312\Lib\json\decoder.py", line 337, in decode
    obj, end = self.raw_decode(s, idx=_w(s, 0).end())
               ^^^^^^^^^^^^^^^^^^^^^^^^^^^^^^^^^^^^^^
  File "C:\Users\gabri\AppData\Local\Programs\Python\Python312\Lib\json\decoder.py", line 353, in raw_decode
    obj, end = self.scan_once(s, idx)
               ^^^^^^^^^^^^^^^^^^^^^^
json.decoder.JSONDecodeError: Expecting ',' delimiter: line 106 column 257 (char 24249)

2025-03-08 15:31:37,583 - DEBUG - JSON content around error position (char 24249):
tabilized into conventional right angles, impossible rooms were concealed behind hastily installed "maintenance access only" signs, and Gimble's more exotic technology was hidden beneath holographic p
2025-03-08 15:31:37,584 - DEBUG - Marked context:
tabilized into conventional right angles, impossible rooms were concealed behind hastily installed " >>> ERROR HERE >>> maintenance access only" signs, and Gimble's more exotic technology was hidden beneath holographic p
2025-03-08 15:31:37,584 - INFO - Found invalid JSON in: gimble-json-story-chapter7.json - Error: Expecting ',' delimiter: line 47 column 118 (char 12454)
2025-03-08 15:31:37,584 - DEBUG - Detailed error for gimble-json-story-chapter7.json:
Traceback (most recent call last):
  File "C:\CustomScripts\Python\taskRPG\json-repair-gui.py", line 211, in is_valid_json
    json.loads(content)
  File "C:\Users\gabri\AppData\Local\Programs\Python\Python312\Lib\json\__init__.py", line 346, in loads
    return _default_decoder.decode(s)
           ^^^^^^^^^^^^^^^^^^^^^^^^^^
  File "C:\Users\gabri\AppData\Local\Programs\Python\Python312\Lib\json\decoder.py", line 337, in decode
    obj, end = self.raw_decode(s, idx=_w(s, 0).end())
               ^^^^^^^^^^^^^^^^^^^^^^^^^^^^^^^^^^^^^^
  File "C:\Users\gabri\AppData\Local\Programs\Python\Python312\Lib\json\decoder.py", line 353, in raw_decode
    obj, end = self.scan_once(s, idx)
               ^^^^^^^^^^^^^^^^^^^^^^
json.decoder.JSONDecodeError: Expecting ',' delimiter: line 47 column 118 (char 12454)

2025-03-08 15:31:37,584 - DEBUG - JSON content around error position (char 12454):
": "The team conducts surveillance from a café across from an unremarkable corporate building with "Meridian Analytics" displayed in modest signage. Mrs. Kapoor appears to be a dignified elderly woman
2025-03-08 15:31:37,584 - DEBUG - Marked context:
": "The team conducts surveillance from a café across from an unremarkable corporate building with " >>> ERROR HERE >>> Meridian Analytics" displayed in modest signage. Mrs. Kapoor appears to be a dignified elderly woman
2025-03-08 15:31:37,585 - INFO - Found invalid JSON in: gimble-json-story-part3.json - Error: Invalid control character at: line 14 column 253 (char 5490)
2025-03-08 15:31:37,585 - DEBUG - Detailed error for gimble-json-story-part3.json:
Traceback (most recent call last):
  File "C:\CustomScripts\Python\taskRPG\json-repair-gui.py", line 211, in is_valid_json
    json.loads(content)
  File "C:\Users\gabri\AppData\Local\Programs\Python\Python312\Lib\json\__init__.py", line 346, in loads
    return _default_decoder.decode(s)
           ^^^^^^^^^^^^^^^^^^^^^^^^^^
  File "C:\Users\gabri\AppData\Local\Programs\Python\Python312\Lib\json\decoder.py", line 337, in decode
    obj, end = self.raw_decode(s, idx=_w(s, 0).end())
               ^^^^^^^^^^^^^^^^^^^^^^^^^^^^^^^^^^^^^^
  File "C:\Users\gabri\AppData\Local\Programs\Python\Python312\Lib\json\decoder.py", line 353, in raw_decode
    obj, end = self.scan_once(s, idx)
               ^^^^^^^^^^^^^^^^^^^^^^
json.decoder.JSONDecodeError: Invalid control character at: line 14 column 253 (char 5490)

2025-03-08 15:31:37,585 - DEBUG - JSON content around error position (char 5490):
antly with his bizarre device held high. The team stands behind him with expressions of disbelief.  
    
LIGHTING: Multiple light sources create a dramatic scene - pulsing blue-purple light from the 
2025-03-08 15:31:37,585 - DEBUG - Marked context:
antly with his bizarre device held high. The team stands behind him with expressions of disbelief.   >>> ERROR HERE >>> 
    
LIGHTING: Multiple light sources create a dramatic scene - pulsing blue-purple light from the 
2025-03-08 15:31:37,586 - INFO - Found invalid JSON in: Gimble3.json - Error: Expecting ',' delimiter: line 123 column 228 (char 38791)
2025-03-08 15:31:37,586 - DEBUG - Detailed error for Gimble3.json:
Traceback (most recent call last):
  File "C:\CustomScripts\Python\taskRPG\json-repair-gui.py", line 211, in is_valid_json
    json.loads(content)
  File "C:\Users\gabri\AppData\Local\Programs\Python\Python312\Lib\json\__init__.py", line 346, in loads
    return _default_decoder.decode(s)
           ^^^^^^^^^^^^^^^^^^^^^^^^^^
  File "C:\Users\gabri\AppData\Local\Programs\Python\Python312\Lib\json\decoder.py", line 337, in decode
    obj, end = self.raw_decode(s, idx=_w(s, 0).end())
               ^^^^^^^^^^^^^^^^^^^^^^^^^^^^^^^^^^^^^^
  File "C:\Users\gabri\AppData\Local\Programs\Python\Python312\Lib\json\decoder.py", line 353, in raw_decode
    obj, end = self.scan_once(s, idx)
               ^^^^^^^^^^^^^^^^^^^^^^
json.decoder.JSONDecodeError: Expecting ',' delimiter: line 123 column 228 (char 38791)

2025-03-08 15:31:37,587 - DEBUG - JSON content around error position (char 38791):
s the corridor. The panel is framed between the legs of the battling combatants, creating a visual "path" through danger to potential escape.\n\nLIGHTING: The small maintenance panel has a subtle gree
2025-03-08 15:31:37,587 - DEBUG - Marked context:
s the corridor. The panel is framed between the legs of the battling combatants, creating a visual " >>> ERROR HERE >>> path" through danger to potential escape.\n\nLIGHTING: The small maintenance panel has a subtle gree
2025-03-08 15:31:37,587 - INFO - Found invalid JSON in: LuminaPart9.json - Error: Expecting property name enclosed in double quotes: line 101 column 14 (char 14329)
2025-03-08 15:31:37,587 - DEBUG - Detailed error for LuminaPart9.json:
Traceback (most recent call last):
  File "C:\CustomScripts\Python\taskRPG\json-repair-gui.py", line 211, in is_valid_json
    json.loads(content)
  File "C:\Users\gabri\AppData\Local\Programs\Python\Python312\Lib\json\__init__.py", line 346, in loads
    return _default_decoder.decode(s)
           ^^^^^^^^^^^^^^^^^^^^^^^^^^
  File "C:\Users\gabri\AppData\Local\Programs\Python\Python312\Lib\json\decoder.py", line 337, in decode
    obj, end = self.raw_decode(s, idx=_w(s, 0).end())
               ^^^^^^^^^^^^^^^^^^^^^^^^^^^^^^^^^^^^^^
  File "C:\Users\gabri\AppData\Local\Programs\Python\Python312\Lib\json\decoder.py", line 353, in raw_decode
    obj, end = self.scan_once(s, idx)
               ^^^^^^^^^^^^^^^^^^^^^^
json.decoder.JSONDecodeError: Expecting property name enclosed in double quotes: line 101 column 14 (char 14329)

2025-03-08 15:31:37,587 - DEBUG - JSON content around error position (char 14329):
s' and the hidden magical locations in 'Fantastic Beasts'.",
    "next": "node12"
  },
  "node12": {
2025-03-08 15:31:37,587 - INFO - Found invalid JSON in: nox-story (1).json - Error: Expecting ',' delimiter: line 19 column 3 (char 3393)
2025-03-08 15:31:37,588 - DEBUG - Detailed error for nox-story (1).json:
Traceback (most recent call last):
  File "C:\CustomScripts\Python\taskRPG\json-repair-gui.py", line 211, in is_valid_json
    json.loads(content)
  File "C:\Users\gabri\AppData\Local\Programs\Python\Python312\Lib\json\__init__.py", line 346, in loads
    return _default_decoder.decode(s)
           ^^^^^^^^^^^^^^^^^^^^^^^^^^
  File "C:\Users\gabri\AppData\Local\Programs\Python\Python312\Lib\json\decoder.py", line 337, in decode
    obj, end = self.raw_decode(s, idx=_w(s, 0).end())
               ^^^^^^^^^^^^^^^^^^^^^^^^^^^^^^^^^^^^^^
  File "C:\Users\gabri\AppData\Local\Programs\Python\Python312\Lib\json\decoder.py", line 353, in raw_decode
    obj, end = self.scan_once(s, idx)
               ^^^^^^^^^^^^^^^^^^^^^^
json.decoder.JSONDecodeError: Expecting ',' delimiter: line 19 column 3 (char 3393)

2025-03-08 15:31:37,588 - DEBUG - JSON content around error position (char 3393):
red by Renaissance paintings of divine light breaking through darkness.",
    "next": "node3"
  }
  [Previous nodes continue as before through battle2, then...]
  "node10": {
    "text": "As the void 
2025-03-08 15:31:37,588 - DEBUG - Marked context:
red by Renaissance paintings of divine light breaking through darkness.",
    "next": "node3"
  }
   >>> ERROR HERE >>> [Previous nodes continue as before through battle2, then...]
  "node10": {
    "text": "As the void 
2025-03-08 15:31:37,588 - INFO - Checking: gimble-json-story-chapter5.json
2025-03-08 15:31:37,589 - INFO - Checking: gimble-json-story-chapter6.json
2025-03-08 15:31:37,589 - INFO - Found invalid JSON in: steamRome.json - Error: 'utf-8' codec can't decode byte 0x96 in position 13317: invalid start byte
2025-03-08 15:31:37,591 - INFO - Checking: gimble-json-story-chapter7.json
2025-03-08 15:31:37,593 - DEBUG - Detailed error for steamRome.json:
Traceback (most recent call last):
  File "C:\CustomScripts\Python\taskRPG\json-repair-gui.py", line 210, in is_valid_json
    content = f.read()
              ^^^^^^^^
  File "<frozen codecs>", line 322, in decode
UnicodeDecodeError: 'utf-8' codec can't decode byte 0x96 in position 13317: invalid start byte

2025-03-08 15:31:37,594 - INFO - Checking: gimble-json-story-part3.json
2025-03-08 15:31:37,594 - INFO - Found invalid JSON in: test2.json - Error: Expecting ',' delimiter: line 20 column 3 (char 3395)
2025-03-08 15:31:37,595 - INFO - Checking: Gimble3.json
2025-03-08 15:31:37,596 - DEBUG - Detailed error for test2.json:
Traceback (most recent call last):
  File "C:\CustomScripts\Python\taskRPG\json-repair-gui.py", line 211, in is_valid_json
    json.loads(content)
  File "C:\Users\gabri\AppData\Local\Programs\Python\Python312\Lib\json\__init__.py", line 346, in loads
    return _default_decoder.decode(s)
           ^^^^^^^^^^^^^^^^^^^^^^^^^^
  File "C:\Users\gabri\AppData\Local\Programs\Python\Python312\Lib\json\decoder.py", line 337, in decode
    obj, end = self.raw_decode(s, idx=_w(s, 0).end())
               ^^^^^^^^^^^^^^^^^^^^^^^^^^^^^^^^^^^^^^
  File "C:\Users\gabri\AppData\Local\Programs\Python\Python312\Lib\json\decoder.py", line 353, in raw_decode
    obj, end = self.scan_once(s, idx)
               ^^^^^^^^^^^^^^^^^^^^^^
json.decoder.JSONDecodeError: Expecting ',' delimiter: line 20 column 3 (char 3395)

2025-03-08 15:31:37,596 - INFO - Checking: LuminaPart9.json
2025-03-08 15:31:37,596 - DEBUG - JSON content around error position (char 3395):
d by Renaissance paintings of divine light breaking through darkness.",
    "next": "node10"
  }

  "node10": {
    "text": "As the void operatives begin their self-destruct sequence, Nox notices some
2025-03-08 15:31:37,596 - DEBUG - Marked context:
d by Renaissance paintings of divine light breaking through darkness.",
    "next": "node10"
  }

   >>> ERROR HERE >>> "node10": {
    "text": "As the void operatives begin their self-destruct sequence, Nox notices some
2025-03-08 15:31:37,597 - INFO - Checking: nox-story (1).json
2025-03-08 15:31:37,597 - INFO - Found invalid JSON in: test3.json - Error: Expecting ',' delimiter: line 20 column 3 (char 3395)
2025-03-08 15:31:37,597 - INFO - Checking: nox-story-sabotage (1).json
2025-03-08 15:31:37,598 - DEBUG - Detailed error for test3.json:
Traceback (most recent call last):
  File "C:\CustomScripts\Python\taskRPG\json-repair-gui.py", line 211, in is_valid_json
    json.loads(content)
  File "C:\Users\gabri\AppData\Local\Programs\Python\Python312\Lib\json\__init__.py", line 346, in loads
    return _default_decoder.decode(s)
           ^^^^^^^^^^^^^^^^^^^^^^^^^^
  File "C:\Users\gabri\AppData\Local\Programs\Python\Python312\Lib\json\decoder.py", line 337, in decode
    obj, end = self.raw_decode(s, idx=_w(s, 0).end())
               ^^^^^^^^^^^^^^^^^^^^^^^^^^^^^^^^^^^^^^
  File "C:\Users\gabri\AppData\Local\Programs\Python\Python312\Lib\json\decoder.py", line 353, in raw_decode
    obj, end = self.scan_once(s, idx)
               ^^^^^^^^^^^^^^^^^^^^^^
json.decoder.JSONDecodeError: Expecting ',' delimiter: line 20 column 3 (char 3395)

2025-03-08 15:31:37,604 - INFO - Checking: sample-file.json
2025-03-08 15:31:37,604 - DEBUG - JSON content around error position (char 3395):
d by Renaissance paintings of divine light breaking through darkness.",
    "next": "node10"
  }

  "node10": {
    "text": "As the void operatives begin their self-destruct sequence, Nox notices some
2025-03-08 15:31:37,604 - INFO - Checking: steamRome.json
2025-03-08 15:31:37,604 - DEBUG - Marked context:
d by Renaissance paintings of divine light breaking through darkness.",
    "next": "node10"
  }

   >>> ERROR HERE >>> "node10": {
    "text": "As the void operatives begin their self-destruct sequence, Nox notices some
2025-03-08 15:31:37,605 - INFO - Checking: story-json (1).json
2025-03-08 15:31:37,606 - INFO - Checking: storyClaude.json
2025-03-08 15:31:37,606 - INFO - Found invalid JSON in: Yorick4.json - Error: Invalid control character at: line 46 column 232 (char 7320)
2025-03-08 15:31:37,606 - INFO - Checking: test2.json
2025-03-08 15:31:37,607 - DEBUG - Detailed error for Yorick4.json:
Traceback (most recent call last):
  File "C:\CustomScripts\Python\taskRPG\json-repair-gui.py", line 211, in is_valid_json
    json.loads(content)
  File "C:\Users\gabri\AppData\Local\Programs\Python\Python312\Lib\json\__init__.py", line 346, in loads
    return _default_decoder.decode(s)
           ^^^^^^^^^^^^^^^^^^^^^^^^^^
  File "C:\Users\gabri\AppData\Local\Programs\Python\Python312\Lib\json\decoder.py", line 337, in decode
    obj, end = self.raw_decode(s, idx=_w(s, 0).end())
               ^^^^^^^^^^^^^^^^^^^^^^^^^^^^^^^^^^^^^^
  File "C:\Users\gabri\AppData\Local\Programs\Python\Python312\Lib\json\decoder.py", line 353, in raw_decode
    obj, end = self.scan_once(s, idx)
               ^^^^^^^^^^^^^^^^^^^^^^
json.decoder.JSONDecodeError: Invalid control character at: line 46 column 232 (char 7320)

2025-03-08 15:31:37,608 - INFO - Checking: test3.json
2025-03-08 15:31:37,608 - DEBUG - JSON content around error position (char 7320):
tmosphere. Cinematic wide shot, slight high angle. Main lighting: cold blue glow from the mist. Fore

2025-03-08 15:31:37,608 - DEBUG - Marked context:
tmosphere. Cinematic wide shot, slight high angle. Main lighting: cold blue glow from the mist. Fore >>> ERROR HERE >>> 

2025-03-08 15:31:37,608 - INFO - Found invalid JSON in: zyloth-json-scene.json - Error: Expecting property name enclosed in double quotes: line 2 column 15 (char 16)
2025-03-08 15:31:37,616 - INFO - Checking: Yorick4.json
2025-03-08 15:31:37,616 - DEBUG - Detailed error for zyloth-json-scene.json:
Traceback (most recent call last):
  File "C:\CustomScripts\Python\taskRPG\json-repair-gui.py", line 211, in is_valid_json
    json.loads(content)
  File "C:\Users\gabri\AppData\Local\Programs\Python\Python312\Lib\json\__init__.py", line 346, in loads
    return _default_decoder.decode(s)
           ^^^^^^^^^^^^^^^^^^^^^^^^^^
  File "C:\Users\gabri\AppData\Local\Programs\Python\Python312\Lib\json\decoder.py", line 337, in decode
    obj, end = self.raw_decode(s, idx=_w(s, 0).end())
               ^^^^^^^^^^^^^^^^^^^^^^^^^^^^^^^^^^^^^^
  File "C:\Users\gabri\AppData\Local\Programs\Python\Python312\Lib\json\decoder.py", line 353, in raw_decode
    obj, end = self.scan_once(s, idx)
               ^^^^^^^^^^^^^^^^^^^^^^
json.decoder.JSONDecodeError: Expecting property name enclosed in double quotes: line 2 column 15 (char 16)

2025-03-08 15:31:37,618 - INFO - Checking: zamonien-story-2.json
2025-03-08 15:31:37,618 - DEBUG - JSON content around error position (char 16):
{
  "title": "",,SteamRising":"TheFutureConvention":"ConventionConfrontation":01",
  "character_descriptions": {
   
2025-03-08 15:31:37,618 - DEBUG - Marked context:
{
  "title": "", >>> ERROR HERE >>> ,SteamRising":"TheFutureConvention":"ConventionConfrontation":01",
  "character_descriptions": {
   
2025-03-08 15:31:37,618 - INFO - Checking: zamonien-story-3.json
2025-03-08 15:31:37,619 - INFO - Checking: zyloth-json-scene.json
2025-03-08 15:31:43,543 - DEBUG - Original content of C:\CustomScripts\Python\taskRPG\stories\zyloth-json-scene.json:
{
  "title": "",,SteamRising":"TheFutureConvention":"ConventionConfrontation":01",
  "character_descriptions": {
    "ZYLOTH": "A brass-bodied steampunk AI with a top hat and monocle, standing 6'3\" tall with telescopic legs. Steam occasionally puffs from shoulder vents. Intricate gears visible at joints. Wears a burgundy waistcoat with brass buttons and pocket watch chain. Face features expressive brass eyebrows and a mustache-like ornament. Carries a brass-handled walking stick and a weathered...
2025-03-08 15:31:43,543 - INFO - Repairing 1 files...
2025-03-08 15:31:43,548 - INFO - Repairing: zyloth-json-scene.json
2025-03-08 15:31:43,548 - INFO - Created backup at: C:\CustomScripts\Python\taskRPG\stories\zyloth-json-scene.json.bak
2025-03-08 15:31:43,549 - DEBUG - Special fix attempt for zyloth-json-scene.json failed: Expecting ',' delimiter: line 12 column 345 (char 2054)
2025-03-08 15:31:43,554 - DEBUG - Repairs were made to C:\CustomScripts\Python\taskRPG\stories\zyloth-json-scene.json
2025-03-08 15:31:43,554 - DEBUG - Repaired content of C:\CustomScripts\Python\taskRPG\stories\zyloth-json-scene.json:
{
  \"title": \"SteamRising TheFutureConvention ConventionConfrontation 01, "",
  "character_descriptions": {
    \,
"ZYLOTH": \"A brass-bodied steampunk AI with a top hat and monocle, standing 6'3\, " tall with telescopic legs. Steam occasionally puffs from shoulder vents. Intricate gears visible at joints. Wears a burgundy waistcoat with brass buttons and pocket watch chain. Face features expressive brass eyebrows and a mustache-like ornament. Carries a brass-handled walking stick and a weathe...
2025-03-08 15:31:43,554 - ERROR - Repair attempt failed for C:\CustomScripts\Python\taskRPG\stories\zyloth-json-scene.json: Repair attempt failed: Expecting property name enclosed in double quotes: line 2 column 3 (char 4)
2025-03-08 15:31:43,554 - DEBUG - Detailed repair error for C:\CustomScripts\Python\taskRPG\stories\zyloth-json-scene.json:
Traceback (most recent call last):
  File "C:\CustomScripts\Python\taskRPG\json-repair-gui.py", line 334, in repair_json_file
    repaired_json = json.loads(repaired_content)
                    ^^^^^^^^^^^^^^^^^^^^^^^^^^^^
  File "C:\Users\gabri\AppData\Local\Programs\Python\Python312\Lib\json\__init__.py", line 346, in loads
    return _default_decoder.decode(s)
           ^^^^^^^^^^^^^^^^^^^^^^^^^^
  File "C:\Users\gabri\AppData\Local\Programs\Python\Python312\Lib\json\decoder.py", line 337, in decode
    obj, end = self.raw_decode(s, idx=_w(s, 0).end())
               ^^^^^^^^^^^^^^^^^^^^^^^^^^^^^^^^^^^^^^
  File "C:\Users\gabri\AppData\Local\Programs\Python\Python312\Lib\json\decoder.py", line 353, in raw_decode
    obj, end = self.scan_once(s, idx)
               ^^^^^^^^^^^^^^^^^^^^^^
json.decoder.JSONDecodeError: Expecting property name enclosed in double quotes: line 2 column 3 (char 4)

2025-03-08 15:31:43,555 - DEBUG - Aggressive repair failed with property extraction: Invalid control character at: line 12 column 172 (char 2320)
2025-03-08 15:31:43,556 - INFO - Successfully repaired with aggressive fix: C:\CustomScripts\Python\taskRPG\stories\zyloth-json-scene.json
2025-03-08 15:31:43,557 - INFO - Repair SUCCESS: zyloth-json-scene.json
2025-03-08 15:31:49,442 - INFO - Repairing 1 files...
2025-03-08 15:31:49,442 - DEBUG - Original content of C:\CustomScripts\Python\taskRPG\stories\Yorick4.json:
{
  "title": "ShadowIsles:Origins:Gravekeeper:003",

  "character_descriptions": {
    "Yorick": "A towering man with a broad, powerful build, his body hardened by years of relentless labor. His tanned skin is roughened by wind and time, calloused hands gripping a massive, iron-bound shovel with effortless familiarity. Dark brown eyes, deep-set beneath a furrowed brow, carry the weight of silent conversations with the dead. His black hair is short and unkempt, damp from the island’s humid air, a...
2025-03-08 15:31:49,443 - INFO - Repairing: Yorick4.json
2025-03-08 15:31:49,444 - INFO - Created backup at: C:\CustomScripts\Python\taskRPG\stories\Yorick4.json.bak
2025-03-08 15:31:49,463 - DEBUG - Repairs were made to C:\CustomScripts\Python\taskRPG\stories\Yorick4.json
2025-03-08 15:31:49,464 - DEBUG - Repaired content of C:\CustomScripts\Python\taskRPG\stories\Yorick4.json:
{
  "title": , "ShadowIsles:Origins:Gravekeeper:003",

  "character_descriptions": {
    ,
"Yorick": , "A towering man with a broad, powerful build, his body hardened by years of relentless labor. His tanned skin is roughened by wind and time, calloused hands gripping a massive, iron-bound shovel with effortless familiarity. Dark brown eyes, deep-set beneath a furrowed brow, carry the weight of silent conversations with the dead. His black hair is short and unkempt, damp from the island’s humid ...
2025-03-08 15:31:49,465 - ERROR - Repair attempt failed for C:\CustomScripts\Python\taskRPG\stories\Yorick4.json: Repair attempt failed: Expecting value: line 2 column 12 (char 13)
2025-03-08 15:31:49,465 - DEBUG - Detailed repair error for C:\CustomScripts\Python\taskRPG\stories\Yorick4.json:
Traceback (most recent call last):
  File "C:\CustomScripts\Python\taskRPG\json-repair-gui.py", line 334, in repair_json_file
    repaired_json = json.loads(repaired_content)
                    ^^^^^^^^^^^^^^^^^^^^^^^^^^^^
  File "C:\Users\gabri\AppData\Local\Programs\Python\Python312\Lib\json\__init__.py", line 346, in loads
    return _default_decoder.decode(s)
           ^^^^^^^^^^^^^^^^^^^^^^^^^^
  File "C:\Users\gabri\AppData\Local\Programs\Python\Python312\Lib\json\decoder.py", line 337, in decode
    obj, end = self.raw_decode(s, idx=_w(s, 0).end())
               ^^^^^^^^^^^^^^^^^^^^^^^^^^^^^^^^^^^^^^
  File "C:\Users\gabri\AppData\Local\Programs\Python\Python312\Lib\json\decoder.py", line 355, in raw_decode
    raise JSONDecodeError("Expecting value", s, err.value) from None
json.decoder.JSONDecodeError: Expecting value: line 2 column 12 (char 13)

2025-03-08 15:31:49,465 - INFO - Successfully repaired with aggressive fix: C:\CustomScripts\Python\taskRPG\stories\Yorick4.json
2025-03-08 15:31:49,471 - INFO - Repair SUCCESS: Yorick4.json
2025-03-08 15:31:54,538 - DEBUG - Original content of C:\CustomScripts\Python\taskRPG\stories\test3.json:
{
  "title": "ShadowsOfLumina:DarkEdge:Pursuit:001",
  "character_descriptions": {
    "Nox": "A devastatingly handsome shadow mage with aristocratic features and an aura of living darkness. Wears tailored black clothing and light-absorbing sunglasses. His movements are liquid grace, and shadows seem to dance around him. Has a wry smile that can charm or terrify. Known in magical circles for his unorthodox approach to shadow magic, particularly his theories about the relationship between light a...
2025-03-08 15:31:54,539 - INFO - Repairing 14 files...
2025-03-08 15:31:54,539 - INFO - Repairing: test3.json
2025-03-08 15:31:54,539 - INFO - Created backup at: C:\CustomScripts\Python\taskRPG\stories\test3.json.bak
2025-03-08 15:31:54,543 - DEBUG - Repairs were made to C:\CustomScripts\Python\taskRPG\stories\test3.json
2025-03-08 15:31:54,543 - DEBUG - Repaired content of C:\CustomScripts\Python\taskRPG\stories\test3.json:
{
  "title": , "ShadowsOfLumina:DarkEdge:Pursuit:001",
  "character_descriptions": {
    ,
"Nox": "A devastatingly handsome shadow mage with aristocratic features and an aura of living darkness. Wears tailored black clothing and light-absorbing sunglasses. His movements are liquid grace, and shadows seem to dance around him. Has a wry smile that can charm or terrify. Known in magical circles for his unorthodox approach to shadow magic, particularly his theories about the relationship between lig...
2025-03-08 15:31:54,543 - ERROR - Repair attempt failed for C:\CustomScripts\Python\taskRPG\stories\test3.json: Repair attempt failed: Expecting value: line 2 column 12 (char 13)
2025-03-08 15:31:54,544 - DEBUG - Detailed repair error for C:\CustomScripts\Python\taskRPG\stories\test3.json:
Traceback (most recent call last):
  File "C:\CustomScripts\Python\taskRPG\json-repair-gui.py", line 334, in repair_json_file
    repaired_json = json.loads(repaired_content)
                    ^^^^^^^^^^^^^^^^^^^^^^^^^^^^
  File "C:\Users\gabri\AppData\Local\Programs\Python\Python312\Lib\json\__init__.py", line 346, in loads
    return _default_decoder.decode(s)
           ^^^^^^^^^^^^^^^^^^^^^^^^^^
  File "C:\Users\gabri\AppData\Local\Programs\Python\Python312\Lib\json\decoder.py", line 337, in decode
    obj, end = self.raw_decode(s, idx=_w(s, 0).end())
               ^^^^^^^^^^^^^^^^^^^^^^^^^^^^^^^^^^^^^^
  File "C:\Users\gabri\AppData\Local\Programs\Python\Python312\Lib\json\decoder.py", line 355, in raw_decode
    raise JSONDecodeError("Expecting value", s, err.value) from None
json.decoder.JSONDecodeError: Expecting value: line 2 column 12 (char 13)

2025-03-08 15:31:54,546 - INFO - Successfully repaired with aggressive fix: C:\CustomScripts\Python\taskRPG\stories\test3.json
2025-03-08 15:31:54,546 - DEBUG - Original content of C:\CustomScripts\Python\taskRPG\stories\chapter-1-team-meeting.json:
{
  "character_descriptions": {
    "Gimble": "diminutive green-haired gremlin, 3 feet tall, oversized goggles, colorful mismatched clothes with many pockets, wild appearance",
    "Maya": "tall elegant human woman, silver short hair, chrome eye implants, immaculate corporate suit",
    "Rex": "broad-shouldered ork, obvious metallic cyber arms, military posture, scarred face",
    "Jinx": "petite dwarf woman, wild red dreadlocks, oil-stained mechanic's coveralls",
    "Whisper": "tall thin elf, ...
2025-03-08 15:31:54,546 - INFO - Created backup at: C:\CustomScripts\Python\taskRPG\stories\chapter-1-team-meeting.json.bak
2025-03-08 15:31:54,547 - DEBUG - Repairs were made to C:\CustomScripts\Python\taskRPG\stories\chapter-1-team-meeting.json
2025-03-08 15:31:54,547 - INFO - Repair SUCCESS: test3.json
2025-03-08 15:31:54,547 - DEBUG - Repaired content of C:\CustomScripts\Python\taskRPG\stories\chapter-1-team-meeting.json:
{
  , "character_descriptions": {
    ,
"Gimble": , "diminutive green-haired gremlin, 3 feet tall, oversized goggles, colorful mismatched clothes with many pockets, wild appearance",
    "Maya": "tall elegant human woman, silver short hair, chrome eye implants, immaculate corporate suit",     "Rex": , "broad-shouldered ork, obvious metallic cyber arms, military posture, scarred face",
    "Jinx": "petite dwarf woman, wild red dreadlocks, oil-stained mechanic's coveralls",     "Whisper": , "tall ...
2025-03-08 15:31:54,549 - INFO - Repairing: chapter-1-team-meeting.json
2025-03-08 15:31:54,549 - ERROR - Repair attempt failed for C:\CustomScripts\Python\taskRPG\stories\chapter-1-team-meeting.json: Repair attempt failed: Expecting property name enclosed in double quotes: line 2 column 3 (char 4)
2025-03-08 15:31:54,550 - DEBUG - Detailed repair error for C:\CustomScripts\Python\taskRPG\stories\chapter-1-team-meeting.json:
Traceback (most recent call last):
  File "C:\CustomScripts\Python\taskRPG\json-repair-gui.py", line 334, in repair_json_file
    repaired_json = json.loads(repaired_content)
                    ^^^^^^^^^^^^^^^^^^^^^^^^^^^^
  File "C:\Users\gabri\AppData\Local\Programs\Python\Python312\Lib\json\__init__.py", line 346, in loads
    return _default_decoder.decode(s)
           ^^^^^^^^^^^^^^^^^^^^^^^^^^
  File "C:\Users\gabri\AppData\Local\Programs\Python\Python312\Lib\json\decoder.py", line 337, in decode
    obj, end = self.raw_decode(s, idx=_w(s, 0).end())
               ^^^^^^^^^^^^^^^^^^^^^^^^^^^^^^^^^^^^^^
  File "C:\Users\gabri\AppData\Local\Programs\Python\Python312\Lib\json\decoder.py", line 353, in raw_decode
    obj, end = self.scan_once(s, idx)
               ^^^^^^^^^^^^^^^^^^^^^^
json.decoder.JSONDecodeError: Expecting property name enclosed in double quotes: line 2 column 3 (char 4)

2025-03-08 15:31:54,550 - INFO - Successfully repaired with aggressive fix: C:\CustomScripts\Python\taskRPG\stories\chapter-1-team-meeting.json
2025-03-08 15:31:54,550 - ERROR - Error processing file C:\CustomScripts\Python\taskRPG\stories\ext.json: Error processing file: 'utf-8' codec can't decode byte 0xb9 in position 318: invalid start byte
2025-03-08 15:31:54,550 - DEBUG - Original content of C:\CustomScripts\Python\taskRPG\stories\gimble-chapter-five.json:
# GIMBLE: OPERATION QUANTUM TOAST - CHAPTER 5

```json
{
  "chapter_title": "Operation Quantum Toast",
  "character_descriptions": {
    "gimble": "A hyperactive gremlin decker barely three feet tall with wild green hair that seems to defy gravity and oversized goggles perched on his forehead. His eyes constantly dart around, taking in everything at once. His fingers are always in motion, twitching or tapping even when not at a terminal.",
    "slate": "A tall, slender elf street samurai with a ...
2025-03-08 15:31:54,551 - INFO - Repair SUCCESS: chapter-1-team-meeting.json
2025-03-08 15:31:54,552 - INFO - Created backup at: C:\CustomScripts\Python\taskRPG\stories\gimble-chapter-five.json.bak
2025-03-08 15:31:54,552 - INFO - Repairing: ext.json
2025-03-08 15:31:54,558 - DEBUG - Repairs were made to C:\CustomScripts\Python\taskRPG\stories\gimble-chapter-five.json
2025-03-08 15:31:54,559 - DEBUG - Repaired content of C:\CustomScripts\Python\taskRPG\stories\gimble-chapter-five.json:
# GIMBLE: OPERATION QUANTUM TOAST - CHAPTER 5

```json
{
  "chapter_title": , "Operation Quantum Toast",
  "character_descriptions": {
    ,
"gimble": , "A hyperactive gremlin decker barely three feet tall with wild green hair that seems to defy gravity and oversized goggles perched on his forehead. His eyes constantly dart around, taking in everything at once. His fingers are always in motion, twitching or tapping even when not at a terminal.",
    "slate": , "A tall, slender elf street samurai...
2025-03-08 15:31:54,559 - INFO - Repair FAILED: ext.json
2025-03-08 15:31:54,559 - ERROR - Repair attempt failed for C:\CustomScripts\Python\taskRPG\stories\gimble-chapter-five.json: Repair attempt failed: Expecting value: line 1 column 1 (char 0)
2025-03-08 15:31:54,560 - INFO - Repairing: gimble-chapter-five.json
2025-03-08 15:31:54,560 - DEBUG - Detailed repair error for C:\CustomScripts\Python\taskRPG\stories\gimble-chapter-five.json:
Traceback (most recent call last):
  File "C:\CustomScripts\Python\taskRPG\json-repair-gui.py", line 334, in repair_json_file
    repaired_json = json.loads(repaired_content)
                    ^^^^^^^^^^^^^^^^^^^^^^^^^^^^
  File "C:\Users\gabri\AppData\Local\Programs\Python\Python312\Lib\json\__init__.py", line 346, in loads
    return _default_decoder.decode(s)
           ^^^^^^^^^^^^^^^^^^^^^^^^^^
  File "C:\Users\gabri\AppData\Local\Programs\Python\Python312\Lib\json\decoder.py", line 337, in decode
    obj, end = self.raw_decode(s, idx=_w(s, 0).end())
               ^^^^^^^^^^^^^^^^^^^^^^^^^^^^^^^^^^^^^^
  File "C:\Users\gabri\AppData\Local\Programs\Python\Python312\Lib\json\decoder.py", line 355, in raw_decode
    raise JSONDecodeError("Expecting value", s, err.value) from None
json.decoder.JSONDecodeError: Expecting value: line 1 column 1 (char 0)

2025-03-08 15:31:54,561 - DEBUG - Aggressive repair failed with property extraction: Invalid \escape: line 4 column 12 (char 513)
2025-03-08 15:31:54,561 - INFO - Successfully repaired with aggressive fix: C:\CustomScripts\Python\taskRPG\stories\gimble-chapter-five.json
2025-03-08 15:31:54,562 - DEBUG - Original content of C:\CustomScripts\Python\taskRPG\stories\gimble-chapter-four.json:
# GIMBLE: QUANTUM ENTANGLEMENTS - CHAPTER 4

```json
{
  "chapter_title": "Quantum Entanglements",
  "character_descriptions": {
    "gimble": "A hyperactive gremlin decker barely three feet tall with wild green hair that seems to defy gravity and oversized goggles perched on his forehead. His eyes constantly dart around, taking in everything at once. His fingers are always in motion, twitching or tapping even when not at a terminal.",
    "slate": "A tall, slender elf street samurai with a cybe...
2025-03-08 15:31:54,562 - INFO - Created backup at: C:\CustomScripts\Python\taskRPG\stories\gimble-chapter-four.json.bak
2025-03-08 15:31:54,566 - DEBUG - Repairs were made to C:\CustomScripts\Python\taskRPG\stories\gimble-chapter-four.json
2025-03-08 15:31:54,566 - INFO - Repair SUCCESS: gimble-chapter-five.json
2025-03-08 15:31:54,567 - DEBUG - Repaired content of C:\CustomScripts\Python\taskRPG\stories\gimble-chapter-four.json:
# GIMBLE: QUANTUM ENTANGLEMENTS - CHAPTER 4

```json
{
  "chapter_title": , "Quantum Entanglements",
  "character_descriptions": {
    ,
"gimble": , "A hyperactive gremlin decker barely three feet tall with wild green hair that seems to defy gravity and oversized goggles perched on his forehead. His eyes constantly dart around, taking in everything at once. His fingers are always in motion, twitching or tapping even when not at a terminal.",
    "slate": , "A tall, slender elf street samurai wit...
2025-03-08 15:31:54,567 - INFO - Repairing: gimble-chapter-four.json
2025-03-08 15:31:54,568 - ERROR - Repair attempt failed for C:\CustomScripts\Python\taskRPG\stories\gimble-chapter-four.json: Repair attempt failed: Expecting value: line 1 column 1 (char 0)
2025-03-08 15:31:54,569 - DEBUG - Detailed repair error for C:\CustomScripts\Python\taskRPG\stories\gimble-chapter-four.json:
Traceback (most recent call last):
  File "C:\CustomScripts\Python\taskRPG\json-repair-gui.py", line 334, in repair_json_file
    repaired_json = json.loads(repaired_content)
                    ^^^^^^^^^^^^^^^^^^^^^^^^^^^^
  File "C:\Users\gabri\AppData\Local\Programs\Python\Python312\Lib\json\__init__.py", line 346, in loads
    return _default_decoder.decode(s)
           ^^^^^^^^^^^^^^^^^^^^^^^^^^
  File "C:\Users\gabri\AppData\Local\Programs\Python\Python312\Lib\json\decoder.py", line 337, in decode
    obj, end = self.raw_decode(s, idx=_w(s, 0).end())
               ^^^^^^^^^^^^^^^^^^^^^^^^^^^^^^^^^^^^^^
  File "C:\Users\gabri\AppData\Local\Programs\Python\Python312\Lib\json\decoder.py", line 355, in raw_decode
    raise JSONDecodeError("Expecting value", s, err.value) from None
json.decoder.JSONDecodeError: Expecting value: line 1 column 1 (char 0)

2025-03-08 15:31:54,569 - DEBUG - Aggressive repair failed with property extraction: Invalid \escape: line 5 column 15 (char 539)
2025-03-08 15:31:54,570 - INFO - Successfully repaired with aggressive fix: C:\CustomScripts\Python\taskRPG\stories\gimble-chapter-four.json
2025-03-08 15:31:54,571 - DEBUG - Original content of C:\CustomScripts\Python\taskRPG\stories\gimble-chapter-fourv2.json:
# GIMBLE: QUANTUM ENTANGLEMENTS - CHAPTER 4

```json
{
  "chapter_title": "Quantum Entanglements",
  "character_descriptions": {
    "gimble": "A hyperactive gremlin decker barely three feet tall with wild green hair that seems to defy gravity and oversized goggles perched on his forehead. His eyes constantly dart around, taking in everything at once. His fingers are always in motion, twitching or tapping even when not at a terminal.",
    "slate": "A tall, slender elf street samurai with a cybe...
2025-03-08 15:31:54,571 - INFO - Created backup at: C:\CustomScripts\Python\taskRPG\stories\gimble-chapter-fourv2.json.bak
2025-03-08 15:31:54,575 - DEBUG - Repairs were made to C:\CustomScripts\Python\taskRPG\stories\gimble-chapter-fourv2.json
2025-03-08 15:31:54,575 - INFO - Repair SUCCESS: gimble-chapter-four.json
2025-03-08 15:31:54,575 - DEBUG - Repaired content of C:\CustomScripts\Python\taskRPG\stories\gimble-chapter-fourv2.json:
# GIMBLE: QUANTUM ENTANGLEMENTS - CHAPTER 4

```json
{
  "chapter_title": , "Quantum Entanglements",
  "character_descriptions": {
    ,
"gimble": , "A hyperactive gremlin decker barely three feet tall with wild green hair that seems to defy gravity and oversized goggles perched on his forehead. His eyes constantly dart around, taking in everything at once. His fingers are always in motion, twitching or tapping even when not at a terminal.",
    "slate": , "A tall, slender elf street samurai wit...
2025-03-08 15:31:54,577 - INFO - Repairing: gimble-chapter-fourv2.json
2025-03-08 15:31:54,577 - ERROR - Repair attempt failed for C:\CustomScripts\Python\taskRPG\stories\gimble-chapter-fourv2.json: Repair attempt failed: Expecting value: line 1 column 1 (char 0)
2025-03-08 15:31:54,578 - DEBUG - Detailed repair error for C:\CustomScripts\Python\taskRPG\stories\gimble-chapter-fourv2.json:
Traceback (most recent call last):
  File "C:\CustomScripts\Python\taskRPG\json-repair-gui.py", line 334, in repair_json_file
    repaired_json = json.loads(repaired_content)
                    ^^^^^^^^^^^^^^^^^^^^^^^^^^^^
  File "C:\Users\gabri\AppData\Local\Programs\Python\Python312\Lib\json\__init__.py", line 346, in loads
    return _default_decoder.decode(s)
           ^^^^^^^^^^^^^^^^^^^^^^^^^^
  File "C:\Users\gabri\AppData\Local\Programs\Python\Python312\Lib\json\decoder.py", line 337, in decode
    obj, end = self.raw_decode(s, idx=_w(s, 0).end())
               ^^^^^^^^^^^^^^^^^^^^^^^^^^^^^^^^^^^^^^
  File "C:\Users\gabri\AppData\Local\Programs\Python\Python312\Lib\json\decoder.py", line 355, in raw_decode
    raise JSONDecodeError("Expecting value", s, err.value) from None
json.decoder.JSONDecodeError: Expecting value: line 1 column 1 (char 0)

2025-03-08 15:31:54,578 - DEBUG - Aggressive repair failed with property extraction: Invalid \escape: line 4 column 12 (char 513)
2025-03-08 15:31:54,578 - INFO - Successfully repaired with aggressive fix: C:\CustomScripts\Python\taskRPG\stories\gimble-chapter-fourv2.json
2025-03-08 15:31:54,579 - DEBUG - Original content of C:\CustomScripts\Python\taskRPG\stories\gimble-json-story-chapter6.json:
{
  "title": "The Impossible Bit:Chapter 6:Interface Upgrade:006",
  "character_descriptions": {
    "Gimble": "A diminutive gremlin decker, barely three feet tall with wild tufts of bright green hair sprouting in random directions. His oversized goggles make his eyes bulge comically. He wears a mish-mash of brightly colored, ill-fitting clothing adorned with an improbable number of pockets, each overflowing with gadgets, wires, and half-eaten snacks. His left ear twitches constantly and has mul...
2025-03-08 15:31:54,581 - INFO - Created backup at: C:\CustomScripts\Python\taskRPG\stories\gimble-json-story-chapter6.json.bak
2025-03-08 15:31:54,587 - INFO - Repair SUCCESS: gimble-chapter-fourv2.json
2025-03-08 15:31:54,592 - DEBUG - Repairs were made to C:\CustomScripts\Python\taskRPG\stories\gimble-json-story-chapter6.json
2025-03-08 15:31:54,593 - DEBUG - Repaired content of C:\CustomScripts\Python\taskRPG\stories\gimble-json-story-chapter6.json:
{
  "title": , "The Impossible Bit:Chapter 6:Interface Upgrade:006",
  "character_descriptions": {
    ,
"Gimble": , "A diminutive gremlin decker, barely three feet tall with wild tufts of bright green hair sprouting in random directions. His oversized goggles make his eyes bulge comically. He wears a mish-mash of brightly colored, ill-fitting clothing adorned with an improbable number of pockets, each overflowing with gadgets, wires, and half-eaten snacks. His left ear twitches constantly and h...
2025-03-08 15:31:54,592 - INFO - Repairing: gimble-json-story-chapter6.json
2025-03-08 15:31:54,593 - ERROR - Repair attempt failed for C:\CustomScripts\Python\taskRPG\stories\gimble-json-story-chapter6.json: Repair attempt failed: Expecting value: line 2 column 12 (char 13)
2025-03-08 15:31:54,594 - DEBUG - Detailed repair error for C:\CustomScripts\Python\taskRPG\stories\gimble-json-story-chapter6.json:
Traceback (most recent call last):
  File "C:\CustomScripts\Python\taskRPG\json-repair-gui.py", line 334, in repair_json_file
    repaired_json = json.loads(repaired_content)
                    ^^^^^^^^^^^^^^^^^^^^^^^^^^^^
  File "C:\Users\gabri\AppData\Local\Programs\Python\Python312\Lib\json\__init__.py", line 346, in loads
    return _default_decoder.decode(s)
           ^^^^^^^^^^^^^^^^^^^^^^^^^^
  File "C:\Users\gabri\AppData\Local\Programs\Python\Python312\Lib\json\decoder.py", line 337, in decode
    obj, end = self.raw_decode(s, idx=_w(s, 0).end())
               ^^^^^^^^^^^^^^^^^^^^^^^^^^^^^^^^^^^^^^
  File "C:\Users\gabri\AppData\Local\Programs\Python\Python312\Lib\json\decoder.py", line 355, in raw_decode
    raise JSONDecodeError("Expecting value", s, err.value) from None
json.decoder.JSONDecodeError: Expecting value: line 2 column 12 (char 13)

2025-03-08 15:31:54,594 - DEBUG - Aggressive repair failed with property extraction: Invalid control character at: line 3 column 15 (char 558)
2025-03-08 15:31:54,596 - INFO - Successfully repaired with aggressive fix: C:\CustomScripts\Python\taskRPG\stories\gimble-json-story-chapter6.json
2025-03-08 15:31:54,596 - DEBUG - Original content of C:\CustomScripts\Python\taskRPG\stories\gimble-json-story-chapter7.json:
{
  "title": "The Impossible Bit:Chapter 7:Boundary Hunters:007",
  "character_descriptions": {
    "Gimble": "A diminutive gremlin decker, barely three feet tall with wild tufts of bright green hair sprouting in random directions. His oversized goggles make his eyes bulge comically. He wears a mish-mash of brightly colored, ill-fitting clothing adorned with an improbable number of pockets, each overflowing with gadgets, wires, and half-eaten snacks. His left ear twitches constantly and has mult...
2025-03-08 15:31:54,597 - INFO - Created backup at: C:\CustomScripts\Python\taskRPG\stories\gimble-json-story-chapter7.json.bak
2025-03-08 15:31:54,604 - DEBUG - Repairs were made to C:\CustomScripts\Python\taskRPG\stories\gimble-json-story-chapter7.json
2025-03-08 15:31:54,604 - INFO - Repair SUCCESS: gimble-json-story-chapter6.json
2025-03-08 15:31:54,604 - DEBUG - Repaired content of C:\CustomScripts\Python\taskRPG\stories\gimble-json-story-chapter7.json:
{
  "title": , "The Impossible Bit:Chapter 7:Boundary Hunters:007",
  "character_descriptions": {
    ,
"Gimble": , "A diminutive gremlin decker, barely three feet tall with wild tufts of bright green hair sprouting in random directions. His oversized goggles make his eyes bulge comically. He wears a mish-mash of brightly colored, ill-fitting clothing adorned with an improbable number of pockets, each overflowing with gadgets, wires, and half-eaten snacks. His left ear twitches constantly and ha...
2025-03-08 15:31:54,605 - ERROR - Repair attempt failed for C:\CustomScripts\Python\taskRPG\stories\gimble-json-story-chapter7.json: Repair attempt failed: Expecting value: line 2 column 12 (char 13)
2025-03-08 15:31:54,605 - INFO - Repairing: gimble-json-story-chapter7.json
2025-03-08 15:31:54,606 - DEBUG - Detailed repair error for C:\CustomScripts\Python\taskRPG\stories\gimble-json-story-chapter7.json:
Traceback (most recent call last):
  File "C:\CustomScripts\Python\taskRPG\json-repair-gui.py", line 334, in repair_json_file
    repaired_json = json.loads(repaired_content)
                    ^^^^^^^^^^^^^^^^^^^^^^^^^^^^
  File "C:\Users\gabri\AppData\Local\Programs\Python\Python312\Lib\json\__init__.py", line 346, in loads
    return _default_decoder.decode(s)
           ^^^^^^^^^^^^^^^^^^^^^^^^^^
  File "C:\Users\gabri\AppData\Local\Programs\Python\Python312\Lib\json\decoder.py", line 337, in decode
    obj, end = self.raw_decode(s, idx=_w(s, 0).end())
               ^^^^^^^^^^^^^^^^^^^^^^^^^^^^^^^^^^^^^^
  File "C:\Users\gabri\AppData\Local\Programs\Python\Python312\Lib\json\decoder.py", line 355, in raw_decode
    raise JSONDecodeError("Expecting value", s, err.value) from None
json.decoder.JSONDecodeError: Expecting value: line 2 column 12 (char 13)

2025-03-08 15:31:54,606 - DEBUG - Aggressive repair failed with property extraction: Invalid \escape: line 3 column 12 (char 555)
2025-03-08 15:31:54,608 - INFO - Successfully repaired with aggressive fix: C:\CustomScripts\Python\taskRPG\stories\gimble-json-story-chapter7.json
2025-03-08 15:31:54,608 - DEBUG - Original content of C:\CustomScripts\Python\taskRPG\stories\gimble-json-story-part3.json:
{
  "title": "The Impossible Bit:Chapter 3:Escape:003",
  "character_descriptions": {
    "Gimble": "A diminutive gremlin decker, barely three feet tall with wild tufts of bright green hair sprouting in random directions. His oversized goggles make his eyes bulge comically. He wears a mish-mash of brightly colored, ill-fitting clothing adorned with an improbable number of pockets, each overflowing with gadgets, wires, and half-eaten snacks. His left ear twitches constantly and has multiple pierc...
2025-03-08 15:31:54,608 - INFO - Repair SUCCESS: gimble-json-story-chapter7.json
2025-03-08 15:31:54,610 - INFO - Created backup at: C:\CustomScripts\Python\taskRPG\stories\gimble-json-story-part3.json.bak
2025-03-08 15:31:54,610 - INFO - Repairing: gimble-json-story-part3.json
2025-03-08 15:31:54,635 - DEBUG - Repairs were made to C:\CustomScripts\Python\taskRPG\stories\gimble-json-story-part3.json
2025-03-08 15:31:54,636 - DEBUG - Repaired content of C:\CustomScripts\Python\taskRPG\stories\gimble-json-story-part3.json:
{
  "title": , "The Impossible Bit:Chapter 3:Escape:003",
  "character_descriptions": {
    ,
"Gimble": , "A diminutive gremlin decker, barely three feet tall with wild tufts of bright green hair sprouting in random directions. His oversized goggles make his eyes bulge comically. He wears a mish-mash of brightly colored, ill-fitting clothing adorned with an improbable number of pockets, each overflowing with gadgets, wires, and half-eaten snacks. His left ear twitches constantly and has multiple...
2025-03-08 15:31:54,636 - ERROR - Repair attempt failed for C:\CustomScripts\Python\taskRPG\stories\gimble-json-story-part3.json: Repair attempt failed: Expecting value: line 2 column 12 (char 13)
2025-03-08 15:31:54,637 - DEBUG - Detailed repair error for C:\CustomScripts\Python\taskRPG\stories\gimble-json-story-part3.json:
Traceback (most recent call last):
  File "C:\CustomScripts\Python\taskRPG\json-repair-gui.py", line 334, in repair_json_file
    repaired_json = json.loads(repaired_content)
                    ^^^^^^^^^^^^^^^^^^^^^^^^^^^^
  File "C:\Users\gabri\AppData\Local\Programs\Python\Python312\Lib\json\__init__.py", line 346, in loads
    return _default_decoder.decode(s)
           ^^^^^^^^^^^^^^^^^^^^^^^^^^
  File "C:\Users\gabri\AppData\Local\Programs\Python\Python312\Lib\json\decoder.py", line 337, in decode
    obj, end = self.raw_decode(s, idx=_w(s, 0).end())
               ^^^^^^^^^^^^^^^^^^^^^^^^^^^^^^^^^^^^^^
  File "C:\Users\gabri\AppData\Local\Programs\Python\Python312\Lib\json\decoder.py", line 355, in raw_decode
    raise JSONDecodeError("Expecting value", s, err.value) from None
json.decoder.JSONDecodeError: Expecting value: line 2 column 12 (char 13)

2025-03-08 15:31:54,638 - DEBUG - Aggressive repair failed with property extraction: Invalid \escape: line 3 column 12 (char 498)
2025-03-08 15:31:54,638 - INFO - Successfully repaired with aggressive fix: C:\CustomScripts\Python\taskRPG\stories\gimble-json-story-part3.json
2025-03-08 15:31:54,639 - INFO - Repair SUCCESS: gimble-json-story-part3.json
2025-03-08 15:31:54,639 - DEBUG - Original content of C:\CustomScripts\Python\taskRPG\stories\Gimble3.json:
{
  "title": "The Impossible Bit:Chapter 3:Escape:003",
  "character_descriptions": {
    "Gimble": "A diminutive gremlin decker, barely three feet tall with wild tufts of bright green hair sprouting in random directions. His oversized goggles make his eyes bulge comically. He wears a mish-mash of brightly colored, ill-fitting clothing adorned with an improbable number of pockets, each overflowing with gadgets, wires, and half-eaten snacks. His left ear twitches constantly and has multiple pierc...
2025-03-08 15:31:54,640 - INFO - Repairing: Gimble3.json
2025-03-08 15:31:54,641 - INFO - Created backup at: C:\CustomScripts\Python\taskRPG\stories\Gimble3.json.bak
2025-03-08 15:31:54,659 - DEBUG - Repairs were made to C:\CustomScripts\Python\taskRPG\stories\Gimble3.json
2025-03-08 15:31:54,660 - DEBUG - Repaired content of C:\CustomScripts\Python\taskRPG\stories\Gimble3.json:
{
  "title": , "The Impossible Bit:Chapter 3:Escape:003",
  "character_descriptions": {
    ,
"Gimble": , "A diminutive gremlin decker, barely three feet tall with wild tufts of bright green hair sprouting in random directions. His oversized goggles make his eyes bulge comically. He wears a mish-mash of brightly colored, ill-fitting clothing adorned with an improbable number of pockets, each overflowing with gadgets, wires, and half-eaten snacks. His left ear twitches constantly and has multiple...
2025-03-08 15:31:54,660 - ERROR - Repair attempt failed for C:\CustomScripts\Python\taskRPG\stories\Gimble3.json: Repair attempt failed: Expecting value: line 2 column 12 (char 13)
2025-03-08 15:35:40,394 - INFO - Found invalid JSON in: chapter-1-infiltration-final.json - Error: Expecting property name enclosed in double quotes: line 2 column 3 (char 4)
2025-03-08 15:35:40,400 - INFO - Scanning directory: C:\CustomScripts\Python\taskRPG\stories
2025-03-08 15:35:40,402 - INFO - Found 29 JSON files.
2025-03-08 15:35:40,419 - INFO - Checking: chapter-1-infiltration-final.json
2025-03-08 15:35:40,422 - DEBUG - Detailed error for chapter-1-infiltration-final.json:
Traceback (most recent call last):
  File "C:\CustomScripts\Python\taskRPG\json-repair-gui.py", line 211, in is_valid_json
    json.loads(content)
  File "C:\Users\gabri\AppData\Local\Programs\Python\Python312\Lib\json\__init__.py", line 346, in loads
    return _default_decoder.decode(s)
           ^^^^^^^^^^^^^^^^^^^^^^^^^^
  File "C:\Users\gabri\AppData\Local\Programs\Python\Python312\Lib\json\decoder.py", line 337, in decode
    obj, end = self.raw_decode(s, idx=_w(s, 0).end())
               ^^^^^^^^^^^^^^^^^^^^^^^^^^^^^^^^^^^^^^
  File "C:\Users\gabri\AppData\Local\Programs\Python\Python312\Lib\json\decoder.py", line 353, in raw_decode
    obj, end = self.scan_once(s, idx)
               ^^^^^^^^^^^^^^^^^^^^^^
json.decoder.JSONDecodeError: Expecting property name enclosed in double quotes: line 2 column 3 (char 4)

2025-03-08 15:35:40,422 - DEBUG - JSON content around error position (char 4):
{
  [Previous nodes 1-10 remain the same as they're working well]

  "node11": {
    "text": "'The neura
2025-03-08 15:35:40,422 - DEBUG - Marked context:
{
   >>> ERROR HERE >>> [Previous nodes 1-10 remain the same as they're working well]

  "node11": {
    "text": "'The neura
2025-03-08 15:35:40,422 - INFO - Checking: chapter-1-team-meeting-final.json
2025-03-08 15:35:40,422 - INFO - Found invalid JSON in: chapter-1-team-meeting-final.json - Error: Expecting ',' delimiter: line 37 column 220 (char 3629)
2025-03-08 15:35:40,424 - DEBUG - Detailed error for chapter-1-team-meeting-final.json:
Traceback (most recent call last):
  File "C:\CustomScripts\Python\taskRPG\json-repair-gui.py", line 211, in is_valid_json
    json.loads(content)
  File "C:\Users\gabri\AppData\Local\Programs\Python\Python312\Lib\json\__init__.py", line 346, in loads
    return _default_decoder.decode(s)
           ^^^^^^^^^^^^^^^^^^^^^^^^^^
  File "C:\Users\gabri\AppData\Local\Programs\Python\Python312\Lib\json\decoder.py", line 337, in decode
    obj, end = self.raw_decode(s, idx=_w(s, 0).end())
               ^^^^^^^^^^^^^^^^^^^^^^^^^^^^^^^^^^^^^^
  File "C:\Users\gabri\AppData\Local\Programs\Python\Python312\Lib\json\decoder.py", line 353, in raw_decode
    obj, end = self.scan_once(s, idx)
               ^^^^^^^^^^^^^^^^^^^^^^
json.decoder.JSONDecodeError: Expecting ',' delimiter: line 37 column 220 (char 3629)

2025-03-08 15:35:40,424 - DEBUG - JSON content around error position (char 3629):
ption effect - readable only from their exact position. 'Fifty-seven kids across Seattle. All with "donated" military-grade chrome showing specific rejection patterns.' His goggles reflect scrolling d
2025-03-08 15:35:40,424 - DEBUG - Marked context:
ption effect - readable only from their exact position. 'Fifty-seven kids across Seattle. All with " >>> ERROR HERE >>> donated" military-grade chrome showing specific rejection patterns.' His goggles reflect scrolling d
2025-03-08 15:35:40,425 - INFO - Found invalid JSON in: ext.json - Error: 'utf-8' codec can't decode byte 0xb9 in position 318: invalid start byte
2025-03-08 15:35:40,425 - DEBUG - Detailed error for ext.json:
Traceback (most recent call last):
  File "C:\CustomScripts\Python\taskRPG\json-repair-gui.py", line 210, in is_valid_json
    content = f.read()
              ^^^^^^^^
  File "<frozen codecs>", line 322, in decode
UnicodeDecodeError: 'utf-8' codec can't decode byte 0xb9 in position 318: invalid start byte

2025-03-08 15:35:40,427 - INFO - Found invalid JSON in: Gimble3.json - Error: Expecting ',' delimiter: line 123 column 228 (char 38791)
2025-03-08 15:35:40,427 - DEBUG - Detailed error for Gimble3.json:
Traceback (most recent call last):
  File "C:\CustomScripts\Python\taskRPG\json-repair-gui.py", line 211, in is_valid_json
    json.loads(content)
  File "C:\Users\gabri\AppData\Local\Programs\Python\Python312\Lib\json\__init__.py", line 346, in loads
    return _default_decoder.decode(s)
           ^^^^^^^^^^^^^^^^^^^^^^^^^^
  File "C:\Users\gabri\AppData\Local\Programs\Python\Python312\Lib\json\decoder.py", line 337, in decode
    obj, end = self.raw_decode(s, idx=_w(s, 0).end())
               ^^^^^^^^^^^^^^^^^^^^^^^^^^^^^^^^^^^^^^
  File "C:\Users\gabri\AppData\Local\Programs\Python\Python312\Lib\json\decoder.py", line 353, in raw_decode
    obj, end = self.scan_once(s, idx)
               ^^^^^^^^^^^^^^^^^^^^^^
json.decoder.JSONDecodeError: Expecting ',' delimiter: line 123 column 228 (char 38791)

2025-03-08 15:35:40,427 - DEBUG - JSON content around error position (char 38791):
s the corridor. The panel is framed between the legs of the battling combatants, creating a visual "path" through danger to potential escape.\n\nLIGHTING: The small maintenance panel has a subtle gree
2025-03-08 15:35:40,428 - DEBUG - Marked context:
s the corridor. The panel is framed between the legs of the battling combatants, creating a visual " >>> ERROR HERE >>> path" through danger to potential escape.\n\nLIGHTING: The small maintenance panel has a subtle gree
2025-03-08 15:35:40,428 - INFO - Found invalid JSON in: LuminaPart9.json - Error: Expecting property name enclosed in double quotes: line 101 column 14 (char 14329)
2025-03-08 15:35:40,429 - INFO - Checking: chapter-1-team-meeting.json
2025-03-08 15:35:40,430 - INFO - Checking: default_story.json
2025-03-08 15:35:40,430 - DEBUG - Detailed error for LuminaPart9.json:
Traceback (most recent call last):
  File "C:\CustomScripts\Python\taskRPG\json-repair-gui.py", line 211, in is_valid_json
    json.loads(content)
  File "C:\Users\gabri\AppData\Local\Programs\Python\Python312\Lib\json\__init__.py", line 346, in loads
    return _default_decoder.decode(s)
           ^^^^^^^^^^^^^^^^^^^^^^^^^^
  File "C:\Users\gabri\AppData\Local\Programs\Python\Python312\Lib\json\decoder.py", line 337, in decode
    obj, end = self.raw_decode(s, idx=_w(s, 0).end())
               ^^^^^^^^^^^^^^^^^^^^^^^^^^^^^^^^^^^^^^
  File "C:\Users\gabri\AppData\Local\Programs\Python\Python312\Lib\json\decoder.py", line 353, in raw_decode
    obj, end = self.scan_once(s, idx)
               ^^^^^^^^^^^^^^^^^^^^^^
json.decoder.JSONDecodeError: Expecting property name enclosed in double quotes: line 101 column 14 (char 14329)

2025-03-08 15:35:40,431 - INFO - Checking: exc.json
2025-03-08 15:35:40,431 - DEBUG - JSON content around error position (char 14329):
s' and the hidden magical locations in 'Fantastic Beasts'.",
    "next": "node12"
  },
  "node12": {
2025-03-08 15:35:40,432 - INFO - Checking: ext.json
2025-03-08 15:35:40,434 - INFO - Checking: Gimbble1.json
2025-03-08 15:35:40,434 - INFO - Found invalid JSON in: nox-story (1).json - Error: Expecting ',' delimiter: line 19 column 3 (char 3393)
2025-03-08 15:35:40,435 - INFO - Checking: gimble-chapter-five.json
2025-03-08 15:35:40,435 - INFO - Checking: gimble-chapter-four.json
2025-03-08 15:35:40,435 - INFO - Checking: gimble-chapter-fourv2.json
2025-03-08 15:35:40,437 - DEBUG - Detailed error for nox-story (1).json:
Traceback (most recent call last):
  File "C:\CustomScripts\Python\taskRPG\json-repair-gui.py", line 211, in is_valid_json
    json.loads(content)
  File "C:\Users\gabri\AppData\Local\Programs\Python\Python312\Lib\json\__init__.py", line 346, in loads
    return _default_decoder.decode(s)
           ^^^^^^^^^^^^^^^^^^^^^^^^^^
  File "C:\Users\gabri\AppData\Local\Programs\Python\Python312\Lib\json\decoder.py", line 337, in decode
    obj, end = self.raw_decode(s, idx=_w(s, 0).end())
               ^^^^^^^^^^^^^^^^^^^^^^^^^^^^^^^^^^^^^^
  File "C:\Users\gabri\AppData\Local\Programs\Python\Python312\Lib\json\decoder.py", line 353, in raw_decode
    obj, end = self.scan_once(s, idx)
               ^^^^^^^^^^^^^^^^^^^^^^
json.decoder.JSONDecodeError: Expecting ',' delimiter: line 19 column 3 (char 3393)

2025-03-08 15:35:40,442 - DEBUG - JSON content around error position (char 3393):
red by Renaissance paintings of divine light breaking through darkness.",
    "next": "node3"
  }
  [Previous nodes continue as before through battle2, then...]
  "node10": {
    "text": "As the void 
2025-03-08 15:35:40,442 - INFO - Checking: gimble-json-story-chapter4 (1).json
2025-03-08 15:35:40,442 - DEBUG - Marked context:
red by Renaissance paintings of divine light breaking through darkness.",
    "next": "node3"
  }
   >>> ERROR HERE >>> [Previous nodes continue as before through battle2, then...]
  "node10": {
    "text": "As the void 
2025-03-08 15:35:40,443 - INFO - Checking: gimble-json-story-chapter5.json
2025-03-08 15:35:40,444 - INFO - Checking: gimble-json-story-chapter6.json
2025-03-08 15:35:40,446 - INFO - Checking: gimble-json-story-chapter7.json
2025-03-08 15:35:40,447 - INFO - Checking: gimble-json-story-part3.json
2025-03-08 15:35:40,447 - INFO - Checking: Gimble3.json
2025-03-08 15:35:40,447 - INFO - Found invalid JSON in: steamRome.json - Error: 'utf-8' codec can't decode byte 0x96 in position 13317: invalid start byte
2025-03-08 15:35:40,448 - INFO - Checking: LuminaPart9.json
2025-03-08 15:35:40,448 - DEBUG - Detailed error for steamRome.json:
Traceback (most recent call last):
  File "C:\CustomScripts\Python\taskRPG\json-repair-gui.py", line 210, in is_valid_json
    content = f.read()
              ^^^^^^^^
  File "<frozen codecs>", line 322, in decode
UnicodeDecodeError: 'utf-8' codec can't decode byte 0x96 in position 13317: invalid start byte

2025-03-08 15:35:40,450 - INFO - Checking: nox-story (1).json
2025-03-08 15:35:40,454 - INFO - Checking: nox-story-sabotage (1).json
2025-03-08 15:35:40,455 - INFO - Found invalid JSON in: test2.json - Error: Expecting ',' delimiter: line 20 column 3 (char 3395)
2025-03-08 15:35:40,456 - INFO - Checking: sample-file.json
2025-03-08 15:35:40,456 - DEBUG - Detailed error for test2.json:
Traceback (most recent call last):
  File "C:\CustomScripts\Python\taskRPG\json-repair-gui.py", line 211, in is_valid_json
    json.loads(content)
  File "C:\Users\gabri\AppData\Local\Programs\Python\Python312\Lib\json\__init__.py", line 346, in loads
    return _default_decoder.decode(s)
           ^^^^^^^^^^^^^^^^^^^^^^^^^^
  File "C:\Users\gabri\AppData\Local\Programs\Python\Python312\Lib\json\decoder.py", line 337, in decode
    obj, end = self.raw_decode(s, idx=_w(s, 0).end())
               ^^^^^^^^^^^^^^^^^^^^^^^^^^^^^^^^^^^^^^
  File "C:\Users\gabri\AppData\Local\Programs\Python\Python312\Lib\json\decoder.py", line 353, in raw_decode
    obj, end = self.scan_once(s, idx)
               ^^^^^^^^^^^^^^^^^^^^^^
json.decoder.JSONDecodeError: Expecting ',' delimiter: line 20 column 3 (char 3395)

2025-03-08 15:35:40,457 - INFO - Checking: steamRome.json
2025-03-08 15:35:40,457 - DEBUG - JSON content around error position (char 3395):
d by Renaissance paintings of divine light breaking through darkness.",
    "next": "node10"
  }

  "node10": {
    "text": "As the void operatives begin their self-destruct sequence, Nox notices some
2025-03-08 15:35:40,457 - DEBUG - Marked context:
d by Renaissance paintings of divine light breaking through darkness.",
    "next": "node10"
  }

   >>> ERROR HERE >>> "node10": {
    "text": "As the void operatives begin their self-destruct sequence, Nox notices some
2025-03-08 15:35:40,458 - INFO - Checking: story-json (1).json
2025-03-08 15:35:40,459 - INFO - Checking: storyClaude.json
2025-03-08 15:35:40,459 - INFO - Checking: test2.json
2025-03-08 15:35:40,459 - INFO - Found invalid JSON in: zyloth-json-scene.json - Error: Expecting ',' delimiter: line 2 column 14 (char 15)
2025-03-08 15:35:40,465 - INFO - Checking: test3.json
2025-03-08 15:35:40,465 - DEBUG - Detailed error for zyloth-json-scene.json:
Traceback (most recent call last):
  File "C:\CustomScripts\Python\taskRPG\json-repair-gui.py", line 211, in is_valid_json
    json.loads(content)
  File "C:\Users\gabri\AppData\Local\Programs\Python\Python312\Lib\json\__init__.py", line 346, in loads
    return _default_decoder.decode(s)
           ^^^^^^^^^^^^^^^^^^^^^^^^^^
  File "C:\Users\gabri\AppData\Local\Programs\Python\Python312\Lib\json\decoder.py", line 337, in decode
    obj, end = self.raw_decode(s, idx=_w(s, 0).end())
               ^^^^^^^^^^^^^^^^^^^^^^^^^^^^^^^^^^^^^^
  File "C:\Users\gabri\AppData\Local\Programs\Python\Python312\Lib\json\decoder.py", line 353, in raw_decode
    obj, end = self.scan_once(s, idx)
               ^^^^^^^^^^^^^^^^^^^^^^
json.decoder.JSONDecodeError: Expecting ',' delimiter: line 2 column 14 (char 15)

2025-03-08 15:35:40,467 - INFO - Checking: Yorick4.json
2025-03-08 15:35:40,467 - DEBUG - JSON content around error position (char 15):
{
  "title": ""SteamRising":"TheFutureConvention":"ConventionConfrontation":01",
  "character_descriptions": {
    
2025-03-08 15:35:40,468 - INFO - Checking: zamonien-story-2.json
2025-03-08 15:35:40,468 - DEBUG - Marked context:
{
  "title": "" >>> ERROR HERE >>> SteamRising":"TheFutureConvention":"ConventionConfrontation":01",
  "character_descriptions": {
    
2025-03-08 15:35:40,469 - INFO - Checking: zamonien-story-3.json
2025-03-08 15:35:40,472 - INFO - Checking: zyloth-json-scene.json
2025-03-08 15:35:48,206 - DEBUG - Original content of C:\CustomScripts\Python\taskRPG\stories\zyloth-json-scene.json:
{
  "title": ""SteamRising":"TheFutureConvention":"ConventionConfrontation":01",
  "character_descriptions": {
    "ZYLOTH": "A brass-bodied steampunk AI with a top hat and monocle, standing 6'3\" tall with telescopic legs. Steam occasionally puffs from shoulder vents. Intricate gears visible at joints. Wears a burgundy waistcoat with brass buttons and pocket watch chain. Face features expressive brass eyebrows and a mustache-like ornament. Carries a brass-handled walking stick and a weathered l...
2025-03-08 15:35:48,206 - INFO - Repairing 1 files...
2025-03-08 15:35:48,209 - INFO - Repairing: zyloth-json-scene.json
2025-03-08 15:35:48,209 - INFO - Created backup at: C:\CustomScripts\Python\taskRPG\stories\zyloth-json-scene.json.bak
2025-03-08 15:35:48,211 - DEBUG - Special fix attempt for zyloth-json-scene.json failed: Expecting ',' delimiter: line 12 column 345 (char 2054)
2025-03-08 15:35:48,214 - DEBUG - Repairs were made to C:\CustomScripts\Python\taskRPG\stories\zyloth-json-scene.json
2025-03-08 15:35:48,217 - DEBUG - Repaired content of C:\CustomScripts\Python\taskRPG\stories\zyloth-json-scene.json:
{
  "title": , ", "SteamRising": "TheFutureConvention":, "ConventionConfrontation, ":01",   "character_descriptions": {
    \,
"ZYLOTH": \"A brass-bodied steampunk AI with a top hat and monocle, standing 6'3\, " tall with telescopic legs. Steam occasionally puffs from shoulder vents. Intricate gears visible at joints. Wears a burgundy waistcoat with brass buttons and pocket watch chain. Face features expressive brass eyebrows and a mustache-like ornament. Carries a brass-handled walking stick an...
2025-03-08 15:35:48,217 - ERROR - Repair attempt failed for C:\CustomScripts\Python\taskRPG\stories\zyloth-json-scene.json: Repair attempt failed: Expecting value: line 2 column 12 (char 13)
2025-03-08 15:35:48,218 - DEBUG - Detailed repair error for C:\CustomScripts\Python\taskRPG\stories\zyloth-json-scene.json:
Traceback (most recent call last):
  File "C:\CustomScripts\Python\taskRPG\json-repair-gui.py", line 334, in repair_json_file
    repaired_json = json.loads(repaired_content)
                    ^^^^^^^^^^^^^^^^^^^^^^^^^^^^
  File "C:\Users\gabri\AppData\Local\Programs\Python\Python312\Lib\json\__init__.py", line 346, in loads
    return _default_decoder.decode(s)
           ^^^^^^^^^^^^^^^^^^^^^^^^^^
  File "C:\Users\gabri\AppData\Local\Programs\Python\Python312\Lib\json\decoder.py", line 337, in decode
    obj, end = self.raw_decode(s, idx=_w(s, 0).end())
               ^^^^^^^^^^^^^^^^^^^^^^^^^^^^^^^^^^^^^^
  File "C:\Users\gabri\AppData\Local\Programs\Python\Python312\Lib\json\decoder.py", line 355, in raw_decode
    raise JSONDecodeError("Expecting value", s, err.value) from None
json.decoder.JSONDecodeError: Expecting value: line 2 column 12 (char 13)

2025-03-08 15:35:48,218 - DEBUG - Aggressive repair failed with property extraction: Expecting ',' delimiter: line 3 column 33 (char 74)
2025-03-08 15:35:48,219 - INFO - Successfully repaired with aggressive fix: C:\CustomScripts\Python\taskRPG\stories\zyloth-json-scene.json
2025-03-08 15:35:48,219 - INFO - Repair SUCCESS: zyloth-json-scene.json
2025-03-08 15:40:13,583 - INFO - Scanning directory: C:\CustomScripts\Python\taskRPG\stories
2025-03-08 15:40:13,585 - INFO - Found invalid JSON in: chapter-1-infiltration-final.json - Error: Expecting property name enclosed in double quotes: line 2 column 3 (char 4)
2025-03-08 15:40:13,590 - DEBUG - Detailed error for chapter-1-infiltration-final.json:
Traceback (most recent call last):
  File "C:\CustomScripts\Python\taskRPG\json-repair-gui.py", line 216, in is_valid_json
    json.loads(content)
  File "C:\Users\gabri\AppData\Local\Programs\Python\Python312\Lib\json\__init__.py", line 346, in loads
    return _default_decoder.decode(s)
           ^^^^^^^^^^^^^^^^^^^^^^^^^^
  File "C:\Users\gabri\AppData\Local\Programs\Python\Python312\Lib\json\decoder.py", line 337, in decode
    obj, end = self.raw_decode(s, idx=_w(s, 0).end())
               ^^^^^^^^^^^^^^^^^^^^^^^^^^^^^^^^^^^^^^
  File "C:\Users\gabri\AppData\Local\Programs\Python\Python312\Lib\json\decoder.py", line 353, in raw_decode
    obj, end = self.scan_once(s, idx)
               ^^^^^^^^^^^^^^^^^^^^^^
json.decoder.JSONDecodeError: Expecting property name enclosed in double quotes: line 2 column 3 (char 4)

2025-03-08 15:40:13,591 - DEBUG - JSON content around error position (char 4):
{
  [Previous nodes 1-10 remain the same as they're working well]

  "node11": {
    "text": "'The neura
2025-03-08 15:40:13,591 - DEBUG - Marked context:
{
   >>> ERROR HERE >>> [Previous nodes 1-10 remain the same as they're working well]

  "node11": {
    "text": "'The neura
2025-03-08 15:40:13,591 - INFO - Found invalid JSON in: chapter-1-team-meeting-final.json - Error: Expecting ',' delimiter: line 37 column 220 (char 3629)
2025-03-08 15:40:13,592 - DEBUG - Detailed error for chapter-1-team-meeting-final.json:
Traceback (most recent call last):
  File "C:\CustomScripts\Python\taskRPG\json-repair-gui.py", line 216, in is_valid_json
    json.loads(content)
  File "C:\Users\gabri\AppData\Local\Programs\Python\Python312\Lib\json\__init__.py", line 346, in loads
    return _default_decoder.decode(s)
           ^^^^^^^^^^^^^^^^^^^^^^^^^^
  File "C:\Users\gabri\AppData\Local\Programs\Python\Python312\Lib\json\decoder.py", line 337, in decode
    obj, end = self.raw_decode(s, idx=_w(s, 0).end())
               ^^^^^^^^^^^^^^^^^^^^^^^^^^^^^^^^^^^^^^
  File "C:\Users\gabri\AppData\Local\Programs\Python\Python312\Lib\json\decoder.py", line 353, in raw_decode
    obj, end = self.scan_once(s, idx)
               ^^^^^^^^^^^^^^^^^^^^^^
json.decoder.JSONDecodeError: Expecting ',' delimiter: line 37 column 220 (char 3629)

2025-03-08 15:40:13,592 - DEBUG - JSON content around error position (char 3629):
ption effect - readable only from their exact position. 'Fifty-seven kids across Seattle. All with "donated" military-grade chrome showing specific rejection patterns.' His goggles reflect scrolling d
2025-03-08 15:40:13,592 - DEBUG - Marked context:
ption effect - readable only from their exact position. 'Fifty-seven kids across Seattle. All with " >>> ERROR HERE >>> donated" military-grade chrome showing specific rejection patterns.' His goggles reflect scrolling d
2025-03-08 15:40:13,592 - INFO - Found invalid JSON in: ext.json - Error: 'utf-8' codec can't decode byte 0xb9 in position 318: invalid start byte
2025-03-08 15:40:13,593 - DEBUG - Detailed error for ext.json:
Traceback (most recent call last):
  File "C:\CustomScripts\Python\taskRPG\json-repair-gui.py", line 215, in is_valid_json
    content = f.read()
              ^^^^^^^^
  File "<frozen codecs>", line 322, in decode
UnicodeDecodeError: 'utf-8' codec can't decode byte 0xb9 in position 318: invalid start byte

2025-03-08 15:40:13,594 - INFO - Found invalid JSON in: Gimble3.json - Error: Expecting ',' delimiter: line 123 column 228 (char 38791)
2025-03-08 15:40:13,596 - DEBUG - Detailed error for Gimble3.json:
Traceback (most recent call last):
  File "C:\CustomScripts\Python\taskRPG\json-repair-gui.py", line 216, in is_valid_json
    json.loads(content)
  File "C:\Users\gabri\AppData\Local\Programs\Python\Python312\Lib\json\__init__.py", line 346, in loads
    return _default_decoder.decode(s)
           ^^^^^^^^^^^^^^^^^^^^^^^^^^
  File "C:\Users\gabri\AppData\Local\Programs\Python\Python312\Lib\json\decoder.py", line 337, in decode
    obj, end = self.raw_decode(s, idx=_w(s, 0).end())
               ^^^^^^^^^^^^^^^^^^^^^^^^^^^^^^^^^^^^^^
  File "C:\Users\gabri\AppData\Local\Programs\Python\Python312\Lib\json\decoder.py", line 353, in raw_decode
    obj, end = self.scan_once(s, idx)
               ^^^^^^^^^^^^^^^^^^^^^^
json.decoder.JSONDecodeError: Expecting ',' delimiter: line 123 column 228 (char 38791)

2025-03-08 15:40:13,596 - DEBUG - JSON content around error position (char 38791):
s the corridor. The panel is framed between the legs of the battling combatants, creating a visual "path" through danger to potential escape.\n\nLIGHTING: The small maintenance panel has a subtle gree
2025-03-08 15:40:13,596 - DEBUG - Marked context:
s the corridor. The panel is framed between the legs of the battling combatants, creating a visual " >>> ERROR HERE >>> path" through danger to potential escape.\n\nLIGHTING: The small maintenance panel has a subtle gree
2025-03-08 15:40:13,597 - INFO - Found invalid JSON in: LuminaPart9.json - Error: Expecting property name enclosed in double quotes: line 101 column 14 (char 14329)
2025-03-08 15:40:13,598 - DEBUG - Detailed error for LuminaPart9.json:
Traceback (most recent call last):
  File "C:\CustomScripts\Python\taskRPG\json-repair-gui.py", line 216, in is_valid_json
    json.loads(content)
  File "C:\Users\gabri\AppData\Local\Programs\Python\Python312\Lib\json\__init__.py", line 346, in loads
    return _default_decoder.decode(s)
           ^^^^^^^^^^^^^^^^^^^^^^^^^^
  File "C:\Users\gabri\AppData\Local\Programs\Python\Python312\Lib\json\decoder.py", line 337, in decode
    obj, end = self.raw_decode(s, idx=_w(s, 0).end())
               ^^^^^^^^^^^^^^^^^^^^^^^^^^^^^^^^^^^^^^
  File "C:\Users\gabri\AppData\Local\Programs\Python\Python312\Lib\json\decoder.py", line 353, in raw_decode
    obj, end = self.scan_once(s, idx)
               ^^^^^^^^^^^^^^^^^^^^^^
json.decoder.JSONDecodeError: Expecting property name enclosed in double quotes: line 101 column 14 (char 14329)

2025-03-08 15:40:13,598 - DEBUG - JSON content around error position (char 14329):
s' and the hidden magical locations in 'Fantastic Beasts'.",
    "next": "node12"
  },
  "node12": {
2025-03-08 15:40:13,598 - INFO - Found invalid JSON in: nox-story (1).json - Error: Expecting ',' delimiter: line 19 column 3 (char 3393)
2025-03-08 15:40:13,598 - DEBUG - Detailed error for nox-story (1).json:
Traceback (most recent call last):
  File "C:\CustomScripts\Python\taskRPG\json-repair-gui.py", line 216, in is_valid_json
    json.loads(content)
  File "C:\Users\gabri\AppData\Local\Programs\Python\Python312\Lib\json\__init__.py", line 346, in loads
    return _default_decoder.decode(s)
           ^^^^^^^^^^^^^^^^^^^^^^^^^^
  File "C:\Users\gabri\AppData\Local\Programs\Python\Python312\Lib\json\decoder.py", line 337, in decode
    obj, end = self.raw_decode(s, idx=_w(s, 0).end())
               ^^^^^^^^^^^^^^^^^^^^^^^^^^^^^^^^^^^^^^
  File "C:\Users\gabri\AppData\Local\Programs\Python\Python312\Lib\json\decoder.py", line 353, in raw_decode
    obj, end = self.scan_once(s, idx)
               ^^^^^^^^^^^^^^^^^^^^^^
json.decoder.JSONDecodeError: Expecting ',' delimiter: line 19 column 3 (char 3393)

2025-03-08 15:40:13,599 - DEBUG - JSON content around error position (char 3393):
red by Renaissance paintings of divine light breaking through darkness.",
    "next": "node3"
  }
  [Previous nodes continue as before through battle2, then...]
  "node10": {
    "text": "As the void 
2025-03-08 15:40:13,599 - DEBUG - Marked context:
red by Renaissance paintings of divine light breaking through darkness.",
    "next": "node3"
  }
   >>> ERROR HERE >>> [Previous nodes continue as before through battle2, then...]
  "node10": {
    "text": "As the void 
2025-03-08 15:40:13,599 - INFO - Found invalid JSON in: steamRome.json - Error: 'utf-8' codec can't decode byte 0x96 in position 13317: invalid start byte
2025-03-08 15:40:13,600 - DEBUG - Detailed error for steamRome.json:
Traceback (most recent call last):
  File "C:\CustomScripts\Python\taskRPG\json-repair-gui.py", line 215, in is_valid_json
    content = f.read()
              ^^^^^^^^
  File "<frozen codecs>", line 322, in decode
UnicodeDecodeError: 'utf-8' codec can't decode byte 0x96 in position 13317: invalid start byte

2025-03-08 15:40:13,600 - INFO - Found 29 JSON files.
2025-03-08 15:40:13,607 - INFO - Checking: chapter-1-infiltration-final.json
2025-03-08 15:40:13,608 - INFO - Found invalid JSON in: test2.json - Error: Expecting ',' delimiter: line 20 column 3 (char 3395)
2025-03-08 15:40:13,615 - INFO - Checking: chapter-1-team-meeting-final.json
2025-03-08 15:40:13,615 - DEBUG - Detailed error for test2.json:
Traceback (most recent call last):
  File "C:\CustomScripts\Python\taskRPG\json-repair-gui.py", line 216, in is_valid_json
    json.loads(content)
  File "C:\Users\gabri\AppData\Local\Programs\Python\Python312\Lib\json\__init__.py", line 346, in loads
    return _default_decoder.decode(s)
           ^^^^^^^^^^^^^^^^^^^^^^^^^^
  File "C:\Users\gabri\AppData\Local\Programs\Python\Python312\Lib\json\decoder.py", line 337, in decode
    obj, end = self.raw_decode(s, idx=_w(s, 0).end())
               ^^^^^^^^^^^^^^^^^^^^^^^^^^^^^^^^^^^^^^
  File "C:\Users\gabri\AppData\Local\Programs\Python\Python312\Lib\json\decoder.py", line 353, in raw_decode
    obj, end = self.scan_once(s, idx)
               ^^^^^^^^^^^^^^^^^^^^^^
json.decoder.JSONDecodeError: Expecting ',' delimiter: line 20 column 3 (char 3395)

2025-03-08 15:40:13,618 - DEBUG - JSON content around error position (char 3395):
d by Renaissance paintings of divine light breaking through darkness.",
    "next": "node10"
  }

  "node10": {
    "text": "As the void operatives begin their self-destruct sequence, Nox notices some
2025-03-08 15:40:13,618 - INFO - Checking: chapter-1-team-meeting.json
2025-03-08 15:40:13,618 - DEBUG - Marked context:
d by Renaissance paintings of divine light breaking through darkness.",
    "next": "node10"
  }

   >>> ERROR HERE >>> "node10": {
    "text": "As the void operatives begin their self-destruct sequence, Nox notices some
2025-03-08 15:40:13,619 - INFO - Checking: default_story.json
2025-03-08 15:40:13,620 - INFO - Checking: exc.json
2025-03-08 15:40:13,621 - INFO - Checking: ext.json
2025-03-08 15:40:13,622 - INFO - Checking: Gimbble1.json
2025-03-08 15:40:13,628 - INFO - Checking: gimble-chapter-five.json
2025-03-08 15:40:13,629 - INFO - Checking: gimble-chapter-four.json
2025-03-08 15:40:13,630 - INFO - Checking: gimble-chapter-fourv2.json
2025-03-08 15:40:13,631 - INFO - Checking: gimble-json-story-chapter4 (1).json
2025-03-08 15:40:13,633 - INFO - Checking: gimble-json-story-chapter5.json
2025-03-08 15:40:13,633 - INFO - Checking: gimble-json-story-chapter6.json
2025-03-08 15:40:13,633 - INFO - Found invalid JSON in: zyloth-json-scene.json - Error: Expecting ',' delimiter: line 2 column 14 (char 15)
2025-03-08 15:40:13,636 - INFO - Checking: gimble-json-story-chapter7.json
2025-03-08 15:40:13,639 - INFO - Checking: gimble-json-story-part3.json
2025-03-08 15:40:13,639 - DEBUG - Detailed error for zyloth-json-scene.json:
Traceback (most recent call last):
  File "C:\CustomScripts\Python\taskRPG\json-repair-gui.py", line 216, in is_valid_json
    json.loads(content)
  File "C:\Users\gabri\AppData\Local\Programs\Python\Python312\Lib\json\__init__.py", line 346, in loads
    return _default_decoder.decode(s)
           ^^^^^^^^^^^^^^^^^^^^^^^^^^
  File "C:\Users\gabri\AppData\Local\Programs\Python\Python312\Lib\json\decoder.py", line 337, in decode
    obj, end = self.raw_decode(s, idx=_w(s, 0).end())
               ^^^^^^^^^^^^^^^^^^^^^^^^^^^^^^^^^^^^^^
  File "C:\Users\gabri\AppData\Local\Programs\Python\Python312\Lib\json\decoder.py", line 353, in raw_decode
    obj, end = self.scan_once(s, idx)
               ^^^^^^^^^^^^^^^^^^^^^^
json.decoder.JSONDecodeError: Expecting ',' delimiter: line 2 column 14 (char 15)

2025-03-08 15:40:13,639 - INFO - Checking: Gimble3.json
2025-03-08 15:40:13,639 - DEBUG - JSON content around error position (char 15):
{
  "title": ""SteamRising":"TheFutureConvention":"ConventionConfrontation":01",
  "character_descriptions": {
    
2025-03-08 15:40:13,640 - DEBUG - Marked context:
{
  "title": "" >>> ERROR HERE >>> SteamRising":"TheFutureConvention":"ConventionConfrontation":01",
  "character_descriptions": {
    
2025-03-08 15:40:13,644 - INFO - Checking: LuminaPart9.json
2025-03-08 15:40:13,646 - INFO - Checking: nox-story (1).json
2025-03-08 15:40:13,647 - INFO - Checking: nox-story-sabotage (1).json
2025-03-08 15:40:13,647 - INFO - Checking: sample-file.json
2025-03-08 15:40:13,648 - INFO - Checking: steamRome.json
2025-03-08 15:40:13,649 - INFO - Checking: story-json (1).json
2025-03-08 15:40:13,651 - INFO - Checking: storyClaude.json
2025-03-08 15:40:13,651 - INFO - Checking: test2.json
2025-03-08 15:40:13,652 - INFO - Checking: test3.json
2025-03-08 15:40:13,659 - INFO - Checking: Yorick4.json
2025-03-08 15:40:13,661 - INFO - Checking: zamonien-story-2.json
2025-03-08 15:40:13,662 - INFO - Checking: zamonien-story-3.json
2025-03-08 15:40:13,662 - INFO - Checking: zyloth-json-scene.json
2025-03-08 15:40:17,759 - DEBUG - Original content of C:\CustomScripts\Python\taskRPG\stories\zyloth-json-scene.json:
{
  "title": ""SteamRising":"TheFutureConvention":"ConventionConfrontation":01",
  "character_descriptions": {
    "ZYLOTH": "A brass-bodied steampunk AI with a top hat and monocle, standing 6'3\" tall with telescopic legs. Steam occasionally puffs from shoulder vents. Intricate gears visible at joints. Wears a burgundy waistcoat with brass buttons and pocket watch chain. Face features expressive brass eyebrows and a mustache-like ornament. Carries a brass-handled walking stick and a weathered l...
2025-03-08 15:40:17,759 - INFO - Repairing 1 files...
2025-03-08 15:40:17,764 - INFO - Repairing: zyloth-json-scene.json
2025-03-08 15:40:17,764 - INFO - Created backup at: C:\CustomScripts\Python\taskRPG\stories\zyloth-json-scene.json.bak
2025-03-08 15:40:17,765 - DEBUG - Special line-by-line fix attempt for zyloth-json-scene.json failed: Expecting ',' delimiter: line 12 column 345 (char 2054)
2025-03-08 15:40:17,769 - DEBUG - Repairs were made to C:\CustomScripts\Python\taskRPG\stories\zyloth-json-scene.json
2025-03-08 15:40:17,769 - DEBUG - Repaired content of C:\CustomScripts\Python\taskRPG\stories\zyloth-json-scene.json:
{
  "title": , ", "SteamRising": "TheFutureConvention":, "ConventionConfrontation, ":01",   "character_descriptions": {
    \,
"ZYLOTH": \"A brass-bodied steampunk AI with a top hat and monocle, standing 6'3\, " tall with telescopic legs. Steam occasionally puffs from shoulder vents. Intricate gears visible at joints. Wears a burgundy waistcoat with brass buttons and pocket watch chain. Face features expressive brass eyebrows and a mustache-like ornament. Carries a brass-handled walking stick an...
2025-03-08 15:40:17,769 - ERROR - Repair attempt failed for C:\CustomScripts\Python\taskRPG\stories\zyloth-json-scene.json: Repair attempt failed: Expecting value: line 2 column 12 (char 13)
2025-03-08 15:40:17,769 - DEBUG - Detailed repair error for C:\CustomScripts\Python\taskRPG\stories\zyloth-json-scene.json:
Traceback (most recent call last):
  File "C:\CustomScripts\Python\taskRPG\json-repair-gui.py", line 328, in repair_json_file
    repaired_json = json.loads(repaired_content)
                    ^^^^^^^^^^^^^^^^^^^^^^^^^^^^
  File "C:\Users\gabri\AppData\Local\Programs\Python\Python312\Lib\json\__init__.py", line 346, in loads
    return _default_decoder.decode(s)
           ^^^^^^^^^^^^^^^^^^^^^^^^^^
  File "C:\Users\gabri\AppData\Local\Programs\Python\Python312\Lib\json\decoder.py", line 337, in decode
    obj, end = self.raw_decode(s, idx=_w(s, 0).end())
               ^^^^^^^^^^^^^^^^^^^^^^^^^^^^^^^^^^^^^^
  File "C:\Users\gabri\AppData\Local\Programs\Python\Python312\Lib\json\decoder.py", line 355, in raw_decode
    raise JSONDecodeError("Expecting value", s, err.value) from None
json.decoder.JSONDecodeError: Expecting value: line 2 column 12 (char 13)

2025-03-08 15:40:17,770 - DEBUG - Aggressive repair failed with property extraction: Expecting ',' delimiter: line 3 column 33 (char 74)
2025-03-08 15:40:17,771 - INFO - Successfully repaired with aggressive fix: C:\CustomScripts\Python\taskRPG\stories\zyloth-json-scene.json
2025-03-08 15:40:17,775 - INFO - Repair SUCCESS: zyloth-json-scene.json
