2025-03-08 15:21:12,023 - INFO - Found invalid JSON in: oldstories\Cyberpunk1Revised.json - Error: Extra data: line 132 column 1 (char 15230)
2025-03-08 15:21:12,346 - INFO - Found invalid JSON in: oldstories\Momo1Revised.json - Error: Extra data: line 42 column 1 (char 4094)
2025-03-08 15:21:12,448 - INFO - Found invalid JSON in: oldstories\Part10.json - Error: Expecting ',' delimiter: line 154 column 1 (char 21506)
2025-03-08 15:21:12,933 - INFO - Found invalid JSON in: stories\chapter-1-infiltration-final.json - Error: Expecting property name enclosed in double quotes: line 2 column 3 (char 4)
2025-03-08 15:21:12,933 - INFO - Found invalid JSON in: stories\chapter-1-team-meeting-final.json - Error: Expecting ',' delimiter: line 37 column 220 (char 3629)
2025-03-08 15:21:12,933 - INFO - Found invalid JSON in: stories\chapter-1-team-meeting.json - Error: Expecting ',' delimiter: line 16 column 206 (char 1466)
2025-03-08 15:21:12,937 - INFO - Found invalid JSON in: stories\ext.json - Error: 'utf-8' codec can't decode byte 0xb9 in position 318: invalid start byte
2025-03-08 15:21:12,937 - INFO - Found invalid JSON in: stories\gimble-chapter-five.json - Error: Expecting value: line 1 column 1 (char 0)
2025-03-08 15:21:12,937 - INFO - Found invalid JSON in: stories\gimble-chapter-four.json - Error: Expecting value: line 1 column 1 (char 0)
2025-03-08 15:21:12,937 - INFO - Found invalid JSON in: stories\gimble-chapter-fourv2.json - Error: Expecting value: line 1 column 1 (char 0)
2025-03-08 15:21:12,937 - INFO - Found invalid JSON in: stories\gimble-json-story-chapter6.json - Error: Expecting ',' delimiter: line 106 column 257 (char 24249)
2025-03-08 15:21:12,941 - INFO - Found invalid JSON in: stories\gimble-json-story-chapter7.json - Error: Expecting ',' delimiter: line 47 column 118 (char 12454)
2025-03-08 15:21:12,941 - INFO - Found invalid JSON in: stories\gimble-json-story-part3.json - Error: Invalid control character at: line 14 column 253 (char 5490)
2025-03-08 15:21:12,941 - INFO - Found invalid JSON in: stories\Gimble3.json - Error: Expecting ',' delimiter: line 123 column 228 (char 38791)
2025-03-08 15:21:12,944 - INFO - Found invalid JSON in: stories\LuminaPart9.json - Error: Expecting property name enclosed in double quotes: line 101 column 14 (char 14329)
2025-03-08 15:21:12,944 - INFO - Found invalid JSON in: stories\nox-story (1).json - Error: Expecting ',' delimiter: line 19 column 3 (char 3393)
2025-03-08 15:21:12,946 - INFO - Found invalid JSON in: stories\steamRome.json - Error: 'utf-8' codec can't decode byte 0x96 in position 13317: invalid start byte
2025-03-08 15:21:12,947 - INFO - Found invalid JSON in: stories\test2.json - Error: Expecting ',' delimiter: line 20 column 3 (char 3395)
2025-03-08 15:21:12,947 - INFO - Found invalid JSON in: stories\test3.json - Error: Expecting ',' delimiter: line 20 column 3 (char 3395)
2025-03-08 15:21:12,948 - INFO - Found invalid JSON in: stories\Yorick4.json - Error: Invalid control character at: line 46 column 232 (char 7320)
2025-03-08 15:21:12,948 - INFO - Found invalid JSON in: stories\zyloth-json-scene.json - Error: Expecting property name enclosed in double quotes: line 2 column 15 (char 16)
2025-03-08 15:21:22,819 - INFO - Created backup at: C:\CustomScripts\Python\taskRPG\stories\zyloth-json-scene.json.bak
2025-03-08 15:21:22,819 - ERROR - Repair attempt failed for C:\CustomScripts\Python\taskRPG\stories\zyloth-json-scene.json: Expecting ',' delimiter: line 2 column 29 (char 30)
