2025-03-08 15:25:08,783 - INFO - Found invalid JSON in: chapter-1-infiltration-final.json - Error: Expecting property name enclosed in double quotes: line 2 column 3 (char 4)
2025-03-08 15:25:08,790 - INFO - Scanning directory: C:\CustomScripts\Python\taskRPG\stories
2025-03-08 15:25:08,791 - INFO - Found 29 JSON files.
2025-03-08 15:25:08,805 - INFO - Checking: chapter-1-infiltration-final.json
2025-03-08 15:25:08,817 - DEBUG - Detailed error for chapter-1-infiltration-final.json:
Traceback (most recent call last):
  File "C:\CustomScripts\Python\taskRPG\json-repair-gui.py", line 91, in is_valid_json
    json.loads(content)
  File "C:\Users\gabri\AppData\Local\Programs\Python\Python312\Lib\json\__init__.py", line 346, in loads
    return _default_decoder.decode(s)
           ^^^^^^^^^^^^^^^^^^^^^^^^^^
  File "C:\Users\gabri\AppData\Local\Programs\Python\Python312\Lib\json\decoder.py", line 337, in decode
    obj, end = self.raw_decode(s, idx=_w(s, 0).end())
               ^^^^^^^^^^^^^^^^^^^^^^^^^^^^^^^^^^^^^^
  File "C:\Users\gabri\AppData\Local\Programs\Python\Python312\Lib\json\decoder.py", line 353, in raw_decode
    obj, end = self.scan_once(s, idx)
               ^^^^^^^^^^^^^^^^^^^^^^
json.decoder.JSONDecodeError: Expecting property name enclosed in double quotes: line 2 column 3 (char 4)

2025-03-08 15:25:08,818 - DEBUG - JSON content around error position (char 4):
{
  [Previous nodes 1-10 remain the same as they're working well]

  "node11": {
    "text": "'The neura
2025-03-08 15:25:08,818 - DEBUG - Marked context:
{
   >>> ERROR HERE >>> [Previous nodes 1-10 remain the same as they're working well]

  "node11": {
    "text": "'The neura
2025-03-08 15:25:08,819 - INFO - Checking: chapter-1-team-meeting-final.json
2025-03-08 15:25:08,820 - INFO - Found invalid JSON in: chapter-1-team-meeting-final.json - Error: Expecting ',' delimiter: line 37 column 220 (char 3629)
2025-03-08 15:25:08,821 - DEBUG - Detailed error for chapter-1-team-meeting-final.json:
Traceback (most recent call last):
  File "C:\CustomScripts\Python\taskRPG\json-repair-gui.py", line 91, in is_valid_json
    json.loads(content)
  File "C:\Users\gabri\AppData\Local\Programs\Python\Python312\Lib\json\__init__.py", line 346, in loads
    return _default_decoder.decode(s)
           ^^^^^^^^^^^^^^^^^^^^^^^^^^
  File "C:\Users\gabri\AppData\Local\Programs\Python\Python312\Lib\json\decoder.py", line 337, in decode
    obj, end = self.raw_decode(s, idx=_w(s, 0).end())
               ^^^^^^^^^^^^^^^^^^^^^^^^^^^^^^^^^^^^^^
  File "C:\Users\gabri\AppData\Local\Programs\Python\Python312\Lib\json\decoder.py", line 353, in raw_decode
    obj, end = self.scan_once(s, idx)
               ^^^^^^^^^^^^^^^^^^^^^^
json.decoder.JSONDecodeError: Expecting ',' delimiter: line 37 column 220 (char 3629)

2025-03-08 15:25:08,821 - DEBUG - JSON content around error position (char 3629):
ption effect - readable only from their exact position. 'Fifty-seven kids across Seattle. All with "donated" military-grade chrome showing specific rejection patterns.' His goggles reflect scrolling d
2025-03-08 15:25:08,822 - DEBUG - Marked context:
ption effect - readable only from their exact position. 'Fifty-seven kids across Seattle. All with " >>> ERROR HERE >>> donated" military-grade chrome showing specific rejection patterns.' His goggles reflect scrolling d
2025-03-08 15:25:08,822 - INFO - Found invalid JSON in: chapter-1-team-meeting.json - Error: Expecting ',' delimiter: line 16 column 206 (char 1466)
2025-03-08 15:25:08,823 - DEBUG - Detailed error for chapter-1-team-meeting.json:
Traceback (most recent call last):
  File "C:\CustomScripts\Python\taskRPG\json-repair-gui.py", line 91, in is_valid_json
    json.loads(content)
  File "C:\Users\gabri\AppData\Local\Programs\Python\Python312\Lib\json\__init__.py", line 346, in loads
    return _default_decoder.decode(s)
           ^^^^^^^^^^^^^^^^^^^^^^^^^^
  File "C:\Users\gabri\AppData\Local\Programs\Python\Python312\Lib\json\decoder.py", line 337, in decode
    obj, end = self.raw_decode(s, idx=_w(s, 0).end())
               ^^^^^^^^^^^^^^^^^^^^^^^^^^^^^^^^^^^^^^
  File "C:\Users\gabri\AppData\Local\Programs\Python\Python312\Lib\json\decoder.py", line 353, in raw_decode
    obj, end = self.scan_once(s, idx)
               ^^^^^^^^^^^^^^^^^^^^^^
json.decoder.JSONDecodeError: Expecting ',' delimiter: line 16 column 206 (char 1466)

2025-03-08 15:25:08,823 - DEBUG - JSON content around error position (char 1466):
sper's starting evacuations. Fifty-seven kids with similar implants identified across Seattle. All "donated" by Ares shell companies.' Maya's chrome eyes flicker as she accesses corporate records. 'Sa
2025-03-08 15:25:08,823 - DEBUG - Marked context:
sper's starting evacuations. Fifty-seven kids with similar implants identified across Seattle. All " >>> ERROR HERE >>> donated" by Ares shell companies.' Maya's chrome eyes flicker as she accesses corporate records. 'Sa
2025-03-08 15:25:08,824 - INFO - Found invalid JSON in: ext.json - Error: 'utf-8' codec can't decode byte 0xb9 in position 318: invalid start byte
2025-03-08 15:25:08,824 - DEBUG - Detailed error for ext.json:
Traceback (most recent call last):
  File "C:\CustomScripts\Python\taskRPG\json-repair-gui.py", line 90, in is_valid_json
    content = f.read()
              ^^^^^^^^
  File "<frozen codecs>", line 322, in decode
UnicodeDecodeError: 'utf-8' codec can't decode byte 0xb9 in position 318: invalid start byte

2025-03-08 15:25:08,824 - INFO - Found invalid JSON in: gimble-chapter-five.json - Error: Expecting value: line 1 column 1 (char 0)
2025-03-08 15:25:08,825 - DEBUG - Detailed error for gimble-chapter-five.json:
Traceback (most recent call last):
  File "C:\CustomScripts\Python\taskRPG\json-repair-gui.py", line 91, in is_valid_json
    json.loads(content)
  File "C:\Users\gabri\AppData\Local\Programs\Python\Python312\Lib\json\__init__.py", line 346, in loads
    return _default_decoder.decode(s)
           ^^^^^^^^^^^^^^^^^^^^^^^^^^
  File "C:\Users\gabri\AppData\Local\Programs\Python\Python312\Lib\json\decoder.py", line 337, in decode
    obj, end = self.raw_decode(s, idx=_w(s, 0).end())
               ^^^^^^^^^^^^^^^^^^^^^^^^^^^^^^^^^^^^^^
  File "C:\Users\gabri\AppData\Local\Programs\Python\Python312\Lib\json\decoder.py", line 355, in raw_decode
    raise JSONDecodeError("Expecting value", s, err.value) from None
json.decoder.JSONDecodeError: Expecting value: line 1 column 1 (char 0)

2025-03-08 15:25:08,825 - DEBUG - JSON content around error position (char 0):
# GIMBLE: OPERATION QUANTUM TOAST - CHAPTER 5

```json
{
  "chapter_title": "Operation Quantum Toast
2025-03-08 15:25:08,825 - INFO - Found invalid JSON in: gimble-chapter-four.json - Error: Expecting value: line 1 column 1 (char 0)
2025-03-08 15:25:08,826 - DEBUG - Detailed error for gimble-chapter-four.json:
Traceback (most recent call last):
  File "C:\CustomScripts\Python\taskRPG\json-repair-gui.py", line 91, in is_valid_json
    json.loads(content)
  File "C:\Users\gabri\AppData\Local\Programs\Python\Python312\Lib\json\__init__.py", line 346, in loads
    return _default_decoder.decode(s)
           ^^^^^^^^^^^^^^^^^^^^^^^^^^
  File "C:\Users\gabri\AppData\Local\Programs\Python\Python312\Lib\json\decoder.py", line 337, in decode
    obj, end = self.raw_decode(s, idx=_w(s, 0).end())
               ^^^^^^^^^^^^^^^^^^^^^^^^^^^^^^^^^^^^^^
  File "C:\Users\gabri\AppData\Local\Programs\Python\Python312\Lib\json\decoder.py", line 355, in raw_decode
    raise JSONDecodeError("Expecting value", s, err.value) from None
json.decoder.JSONDecodeError: Expecting value: line 1 column 1 (char 0)

2025-03-08 15:25:08,826 - DEBUG - JSON content around error position (char 0):
# GIMBLE: QUANTUM ENTANGLEMENTS - CHAPTER 4

```json
{
  "chapter_title": "Quantum Entanglements",
 
2025-03-08 15:25:08,826 - INFO - Checking: chapter-1-team-meeting.json
2025-03-08 15:25:08,828 - INFO - Found invalid JSON in: gimble-chapter-fourv2.json - Error: Expecting value: line 1 column 1 (char 0)
2025-03-08 15:25:08,829 - INFO - Checking: default_story.json
2025-03-08 15:25:08,830 - INFO - Checking: exc.json
2025-03-08 15:25:08,830 - DEBUG - Detailed error for gimble-chapter-fourv2.json:
Traceback (most recent call last):
  File "C:\CustomScripts\Python\taskRPG\json-repair-gui.py", line 91, in is_valid_json
    json.loads(content)
  File "C:\Users\gabri\AppData\Local\Programs\Python\Python312\Lib\json\__init__.py", line 346, in loads
    return _default_decoder.decode(s)
           ^^^^^^^^^^^^^^^^^^^^^^^^^^
  File "C:\Users\gabri\AppData\Local\Programs\Python\Python312\Lib\json\decoder.py", line 337, in decode
    obj, end = self.raw_decode(s, idx=_w(s, 0).end())
               ^^^^^^^^^^^^^^^^^^^^^^^^^^^^^^^^^^^^^^
  File "C:\Users\gabri\AppData\Local\Programs\Python\Python312\Lib\json\decoder.py", line 355, in raw_decode
    raise JSONDecodeError("Expecting value", s, err.value) from None
json.decoder.JSONDecodeError: Expecting value: line 1 column 1 (char 0)

2025-03-08 15:25:08,831 - INFO - Checking: ext.json
2025-03-08 15:25:08,831 - DEBUG - JSON content around error position (char 0):
# GIMBLE: QUANTUM ENTANGLEMENTS - CHAPTER 4

```json
{
  "chapter_title": "Quantum Entanglements",
 
2025-03-08 15:25:08,833 - INFO - Checking: Gimbble1.json
2025-03-08 15:25:08,834 - INFO - Checking: gimble-chapter-five.json
2025-03-08 15:25:08,835 - INFO - Checking: gimble-chapter-four.json
2025-03-08 15:25:08,835 - INFO - Found invalid JSON in: gimble-json-story-chapter6.json - Error: Expecting ',' delimiter: line 106 column 257 (char 24249)
2025-03-08 15:25:08,837 - INFO - Checking: gimble-chapter-fourv2.json
2025-03-08 15:25:08,837 - DEBUG - Detailed error for gimble-json-story-chapter6.json:
Traceback (most recent call last):
  File "C:\CustomScripts\Python\taskRPG\json-repair-gui.py", line 91, in is_valid_json
    json.loads(content)
  File "C:\Users\gabri\AppData\Local\Programs\Python\Python312\Lib\json\__init__.py", line 346, in loads
    return _default_decoder.decode(s)
           ^^^^^^^^^^^^^^^^^^^^^^^^^^
  File "C:\Users\gabri\AppData\Local\Programs\Python\Python312\Lib\json\decoder.py", line 337, in decode
    obj, end = self.raw_decode(s, idx=_w(s, 0).end())
               ^^^^^^^^^^^^^^^^^^^^^^^^^^^^^^^^^^^^^^
  File "C:\Users\gabri\AppData\Local\Programs\Python\Python312\Lib\json\decoder.py", line 353, in raw_decode
    obj, end = self.scan_once(s, idx)
               ^^^^^^^^^^^^^^^^^^^^^^
json.decoder.JSONDecodeError: Expecting ',' delimiter: line 106 column 257 (char 24249)

2025-03-08 15:25:08,838 - INFO - Checking: gimble-json-story-chapter4 (1).json
2025-03-08 15:25:08,838 - DEBUG - JSON content around error position (char 24249):
tabilized into conventional right angles, impossible rooms were concealed behind hastily installed "maintenance access only" signs, and Gimble's more exotic technology was hidden beneath holographic p
2025-03-08 15:25:08,839 - INFO - Checking: gimble-json-story-chapter5.json
2025-03-08 15:25:08,839 - DEBUG - Marked context:
tabilized into conventional right angles, impossible rooms were concealed behind hastily installed " >>> ERROR HERE >>> maintenance access only" signs, and Gimble's more exotic technology was hidden beneath holographic p
2025-03-08 15:25:08,847 - INFO - Checking: gimble-json-story-chapter6.json
2025-03-08 15:25:08,847 - INFO - Found invalid JSON in: gimble-json-story-chapter7.json - Error: Expecting ',' delimiter: line 47 column 118 (char 12454)
2025-03-08 15:25:08,847 - DEBUG - Detailed error for gimble-json-story-chapter7.json:
Traceback (most recent call last):
  File "C:\CustomScripts\Python\taskRPG\json-repair-gui.py", line 91, in is_valid_json
    json.loads(content)
  File "C:\Users\gabri\AppData\Local\Programs\Python\Python312\Lib\json\__init__.py", line 346, in loads
    return _default_decoder.decode(s)
           ^^^^^^^^^^^^^^^^^^^^^^^^^^
  File "C:\Users\gabri\AppData\Local\Programs\Python\Python312\Lib\json\decoder.py", line 337, in decode
    obj, end = self.raw_decode(s, idx=_w(s, 0).end())
               ^^^^^^^^^^^^^^^^^^^^^^^^^^^^^^^^^^^^^^
  File "C:\Users\gabri\AppData\Local\Programs\Python\Python312\Lib\json\decoder.py", line 353, in raw_decode
    obj, end = self.scan_once(s, idx)
               ^^^^^^^^^^^^^^^^^^^^^^
json.decoder.JSONDecodeError: Expecting ',' delimiter: line 47 column 118 (char 12454)

2025-03-08 15:25:08,847 - DEBUG - JSON content around error position (char 12454):
": "The team conducts surveillance from a café across from an unremarkable corporate building with "Meridian Analytics" displayed in modest signage. Mrs. Kapoor appears to be a dignified elderly woman
2025-03-08 15:25:08,847 - DEBUG - Marked context:
": "The team conducts surveillance from a café across from an unremarkable corporate building with " >>> ERROR HERE >>> Meridian Analytics" displayed in modest signage. Mrs. Kapoor appears to be a dignified elderly woman
2025-03-08 15:25:08,848 - INFO - Found invalid JSON in: gimble-json-story-part3.json - Error: Invalid control character at: line 14 column 253 (char 5490)
2025-03-08 15:25:08,849 - INFO - Checking: gimble-json-story-chapter7.json
2025-03-08 15:25:08,850 - DEBUG - Detailed error for gimble-json-story-part3.json:
Traceback (most recent call last):
  File "C:\CustomScripts\Python\taskRPG\json-repair-gui.py", line 91, in is_valid_json
    json.loads(content)
  File "C:\Users\gabri\AppData\Local\Programs\Python\Python312\Lib\json\__init__.py", line 346, in loads
    return _default_decoder.decode(s)
           ^^^^^^^^^^^^^^^^^^^^^^^^^^
  File "C:\Users\gabri\AppData\Local\Programs\Python\Python312\Lib\json\decoder.py", line 337, in decode
    obj, end = self.raw_decode(s, idx=_w(s, 0).end())
               ^^^^^^^^^^^^^^^^^^^^^^^^^^^^^^^^^^^^^^
  File "C:\Users\gabri\AppData\Local\Programs\Python\Python312\Lib\json\decoder.py", line 353, in raw_decode
    obj, end = self.scan_once(s, idx)
               ^^^^^^^^^^^^^^^^^^^^^^
json.decoder.JSONDecodeError: Invalid control character at: line 14 column 253 (char 5490)

2025-03-08 15:25:08,850 - DEBUG - JSON content around error position (char 5490):
antly with his bizarre device held high. The team stands behind him with expressions of disbelief.  
    
LIGHTING: Multiple light sources create a dramatic scene - pulsing blue-purple light from the 
2025-03-08 15:25:08,851 - INFO - Checking: gimble-json-story-part3.json
2025-03-08 15:25:08,851 - DEBUG - Marked context:
antly with his bizarre device held high. The team stands behind him with expressions of disbelief.   >>> ERROR HERE >>> 
    
LIGHTING: Multiple light sources create a dramatic scene - pulsing blue-purple light from the 
2025-03-08 15:25:08,852 - INFO - Found invalid JSON in: Gimble3.json - Error: Expecting ',' delimiter: line 123 column 228 (char 38791)
2025-03-08 15:25:08,853 - INFO - Checking: Gimble3.json
2025-03-08 15:25:08,853 - DEBUG - Detailed error for Gimble3.json:
Traceback (most recent call last):
  File "C:\CustomScripts\Python\taskRPG\json-repair-gui.py", line 91, in is_valid_json
    json.loads(content)
  File "C:\Users\gabri\AppData\Local\Programs\Python\Python312\Lib\json\__init__.py", line 346, in loads
    return _default_decoder.decode(s)
           ^^^^^^^^^^^^^^^^^^^^^^^^^^
  File "C:\Users\gabri\AppData\Local\Programs\Python\Python312\Lib\json\decoder.py", line 337, in decode
    obj, end = self.raw_decode(s, idx=_w(s, 0).end())
               ^^^^^^^^^^^^^^^^^^^^^^^^^^^^^^^^^^^^^^
  File "C:\Users\gabri\AppData\Local\Programs\Python\Python312\Lib\json\decoder.py", line 353, in raw_decode
    obj, end = self.scan_once(s, idx)
               ^^^^^^^^^^^^^^^^^^^^^^
json.decoder.JSONDecodeError: Expecting ',' delimiter: line 123 column 228 (char 38791)

2025-03-08 15:25:08,853 - DEBUG - JSON content around error position (char 38791):
s the corridor. The panel is framed between the legs of the battling combatants, creating a visual "path" through danger to potential escape.\n\nLIGHTING: The small maintenance panel has a subtle gree
2025-03-08 15:25:08,853 - DEBUG - Marked context:
s the corridor. The panel is framed between the legs of the battling combatants, creating a visual " >>> ERROR HERE >>> path" through danger to potential escape.\n\nLIGHTING: The small maintenance panel has a subtle gree
2025-03-08 15:25:08,859 - INFO - Found invalid JSON in: LuminaPart9.json - Error: Expecting property name enclosed in double quotes: line 101 column 14 (char 14329)
2025-03-08 15:25:08,859 - INFO - Checking: LuminaPart9.json
2025-03-08 15:25:08,860 - DEBUG - Detailed error for LuminaPart9.json:
Traceback (most recent call last):
  File "C:\CustomScripts\Python\taskRPG\json-repair-gui.py", line 91, in is_valid_json
    json.loads(content)
  File "C:\Users\gabri\AppData\Local\Programs\Python\Python312\Lib\json\__init__.py", line 346, in loads
    return _default_decoder.decode(s)
           ^^^^^^^^^^^^^^^^^^^^^^^^^^
  File "C:\Users\gabri\AppData\Local\Programs\Python\Python312\Lib\json\decoder.py", line 337, in decode
    obj, end = self.raw_decode(s, idx=_w(s, 0).end())
               ^^^^^^^^^^^^^^^^^^^^^^^^^^^^^^^^^^^^^^
  File "C:\Users\gabri\AppData\Local\Programs\Python\Python312\Lib\json\decoder.py", line 353, in raw_decode
    obj, end = self.scan_once(s, idx)
               ^^^^^^^^^^^^^^^^^^^^^^
json.decoder.JSONDecodeError: Expecting property name enclosed in double quotes: line 101 column 14 (char 14329)

2025-03-08 15:25:08,860 - DEBUG - JSON content around error position (char 14329):
s' and the hidden magical locations in 'Fantastic Beasts'.",
    "next": "node12"
  },
  "node12": {
2025-03-08 15:25:08,860 - INFO - Checking: nox-story (1).json
2025-03-08 15:25:08,860 - INFO - Found invalid JSON in: nox-story (1).json - Error: Expecting ',' delimiter: line 19 column 3 (char 3393)
2025-03-08 15:25:08,861 - DEBUG - Detailed error for nox-story (1).json:
Traceback (most recent call last):
  File "C:\CustomScripts\Python\taskRPG\json-repair-gui.py", line 91, in is_valid_json
    json.loads(content)
  File "C:\Users\gabri\AppData\Local\Programs\Python\Python312\Lib\json\__init__.py", line 346, in loads
    return _default_decoder.decode(s)
           ^^^^^^^^^^^^^^^^^^^^^^^^^^
  File "C:\Users\gabri\AppData\Local\Programs\Python\Python312\Lib\json\decoder.py", line 337, in decode
    obj, end = self.raw_decode(s, idx=_w(s, 0).end())
               ^^^^^^^^^^^^^^^^^^^^^^^^^^^^^^^^^^^^^^
  File "C:\Users\gabri\AppData\Local\Programs\Python\Python312\Lib\json\decoder.py", line 353, in raw_decode
    obj, end = self.scan_once(s, idx)
               ^^^^^^^^^^^^^^^^^^^^^^
json.decoder.JSONDecodeError: Expecting ',' delimiter: line 19 column 3 (char 3393)

2025-03-08 15:25:08,861 - DEBUG - JSON content around error position (char 3393):
red by Renaissance paintings of divine light breaking through darkness.",
    "next": "node3"
  }
  [Previous nodes continue as before through battle2, then...]
  "node10": {
    "text": "As the void 
2025-03-08 15:25:08,861 - DEBUG - Marked context:
red by Renaissance paintings of divine light breaking through darkness.",
    "next": "node3"
  }
   >>> ERROR HERE >>> [Previous nodes continue as before through battle2, then...]
  "node10": {
    "text": "As the void 
2025-03-08 15:25:08,862 - INFO - Checking: nox-story-sabotage (1).json
2025-03-08 15:25:08,862 - INFO - Checking: sample-file.json
2025-03-08 15:25:08,862 - INFO - Found invalid JSON in: steamRome.json - Error: 'utf-8' codec can't decode byte 0x96 in position 13317: invalid start byte
2025-03-08 15:25:08,863 - INFO - Checking: steamRome.json
2025-03-08 15:25:08,864 - DEBUG - Detailed error for steamRome.json:
Traceback (most recent call last):
  File "C:\CustomScripts\Python\taskRPG\json-repair-gui.py", line 90, in is_valid_json
    content = f.read()
              ^^^^^^^^
  File "<frozen codecs>", line 322, in decode
UnicodeDecodeError: 'utf-8' codec can't decode byte 0x96 in position 13317: invalid start byte

2025-03-08 15:25:08,864 - INFO - Checking: story-json (1).json
2025-03-08 15:25:08,864 - INFO - Found invalid JSON in: test2.json - Error: Expecting ',' delimiter: line 20 column 3 (char 3395)
2025-03-08 15:25:08,865 - DEBUG - Detailed error for test2.json:
Traceback (most recent call last):
  File "C:\CustomScripts\Python\taskRPG\json-repair-gui.py", line 91, in is_valid_json
    json.loads(content)
  File "C:\Users\gabri\AppData\Local\Programs\Python\Python312\Lib\json\__init__.py", line 346, in loads
    return _default_decoder.decode(s)
           ^^^^^^^^^^^^^^^^^^^^^^^^^^
  File "C:\Users\gabri\AppData\Local\Programs\Python\Python312\Lib\json\decoder.py", line 337, in decode
    obj, end = self.raw_decode(s, idx=_w(s, 0).end())
               ^^^^^^^^^^^^^^^^^^^^^^^^^^^^^^^^^^^^^^
  File "C:\Users\gabri\AppData\Local\Programs\Python\Python312\Lib\json\decoder.py", line 353, in raw_decode
    obj, end = self.scan_once(s, idx)
               ^^^^^^^^^^^^^^^^^^^^^^
json.decoder.JSONDecodeError: Expecting ',' delimiter: line 20 column 3 (char 3395)

2025-03-08 15:25:08,867 - DEBUG - JSON content around error position (char 3395):
d by Renaissance paintings of divine light breaking through darkness.",
    "next": "node10"
  }

  "node10": {
    "text": "As the void operatives begin their self-destruct sequence, Nox notices some
2025-03-08 15:25:08,867 - DEBUG - Marked context:
d by Renaissance paintings of divine light breaking through darkness.",
    "next": "node10"
  }

   >>> ERROR HERE >>> "node10": {
    "text": "As the void operatives begin their self-destruct sequence, Nox notices some
2025-03-08 15:25:08,867 - INFO - Found invalid JSON in: test3.json - Error: Expecting ',' delimiter: line 20 column 3 (char 3395)
2025-03-08 15:25:08,868 - DEBUG - Detailed error for test3.json:
Traceback (most recent call last):
  File "C:\CustomScripts\Python\taskRPG\json-repair-gui.py", line 91, in is_valid_json
    json.loads(content)
  File "C:\Users\gabri\AppData\Local\Programs\Python\Python312\Lib\json\__init__.py", line 346, in loads
    return _default_decoder.decode(s)
           ^^^^^^^^^^^^^^^^^^^^^^^^^^
  File "C:\Users\gabri\AppData\Local\Programs\Python\Python312\Lib\json\decoder.py", line 337, in decode
    obj, end = self.raw_decode(s, idx=_w(s, 0).end())
               ^^^^^^^^^^^^^^^^^^^^^^^^^^^^^^^^^^^^^^
  File "C:\Users\gabri\AppData\Local\Programs\Python\Python312\Lib\json\decoder.py", line 353, in raw_decode
    obj, end = self.scan_once(s, idx)
               ^^^^^^^^^^^^^^^^^^^^^^
json.decoder.JSONDecodeError: Expecting ',' delimiter: line 20 column 3 (char 3395)

2025-03-08 15:25:08,868 - DEBUG - JSON content around error position (char 3395):
d by Renaissance paintings of divine light breaking through darkness.",
    "next": "node10"
  }

  "node10": {
    "text": "As the void operatives begin their self-destruct sequence, Nox notices some
2025-03-08 15:25:08,868 - DEBUG - Marked context:
d by Renaissance paintings of divine light breaking through darkness.",
    "next": "node10"
  }

   >>> ERROR HERE >>> "node10": {
    "text": "As the void operatives begin their self-destruct sequence, Nox notices some
2025-03-08 15:25:08,869 - INFO - Found invalid JSON in: Yorick4.json - Error: Invalid control character at: line 46 column 232 (char 7320)
2025-03-08 15:25:08,869 - DEBUG - Detailed error for Yorick4.json:
Traceback (most recent call last):
  File "C:\CustomScripts\Python\taskRPG\json-repair-gui.py", line 91, in is_valid_json
    json.loads(content)
  File "C:\Users\gabri\AppData\Local\Programs\Python\Python312\Lib\json\__init__.py", line 346, in loads
    return _default_decoder.decode(s)
           ^^^^^^^^^^^^^^^^^^^^^^^^^^
  File "C:\Users\gabri\AppData\Local\Programs\Python\Python312\Lib\json\decoder.py", line 337, in decode
    obj, end = self.raw_decode(s, idx=_w(s, 0).end())
               ^^^^^^^^^^^^^^^^^^^^^^^^^^^^^^^^^^^^^^
  File "C:\Users\gabri\AppData\Local\Programs\Python\Python312\Lib\json\decoder.py", line 353, in raw_decode
    obj, end = self.scan_once(s, idx)
               ^^^^^^^^^^^^^^^^^^^^^^
json.decoder.JSONDecodeError: Invalid control character at: line 46 column 232 (char 7320)

2025-03-08 15:25:08,869 - DEBUG - JSON content around error position (char 7320):
tmosphere. Cinematic wide shot, slight high angle. Main lighting: cold blue glow from the mist. Fore

2025-03-08 15:25:08,869 - DEBUG - Marked context:
tmosphere. Cinematic wide shot, slight high angle. Main lighting: cold blue glow from the mist. Fore >>> ERROR HERE >>> 

2025-03-08 15:25:08,870 - INFO - Found invalid JSON in: zyloth-json-scene.json - Error: Expecting property name enclosed in double quotes: line 2 column 15 (char 16)
2025-03-08 15:25:08,871 - DEBUG - Detailed error for zyloth-json-scene.json:
Traceback (most recent call last):
  File "C:\CustomScripts\Python\taskRPG\json-repair-gui.py", line 91, in is_valid_json
    json.loads(content)
  File "C:\Users\gabri\AppData\Local\Programs\Python\Python312\Lib\json\__init__.py", line 346, in loads
    return _default_decoder.decode(s)
           ^^^^^^^^^^^^^^^^^^^^^^^^^^
  File "C:\Users\gabri\AppData\Local\Programs\Python\Python312\Lib\json\decoder.py", line 337, in decode
    obj, end = self.raw_decode(s, idx=_w(s, 0).end())
               ^^^^^^^^^^^^^^^^^^^^^^^^^^^^^^^^^^^^^^
  File "C:\Users\gabri\AppData\Local\Programs\Python\Python312\Lib\json\decoder.py", line 353, in raw_decode
    obj, end = self.scan_once(s, idx)
               ^^^^^^^^^^^^^^^^^^^^^^
json.decoder.JSONDecodeError: Expecting property name enclosed in double quotes: line 2 column 15 (char 16)

2025-03-08 15:25:08,871 - DEBUG - JSON content around error position (char 16):
{
  "title": "",,SteamRising":"TheFutureConvention":"ConventionConfrontation":01",
  "character_descriptions": {
   
2025-03-08 15:25:08,871 - INFO - Checking: storyClaude.json
2025-03-08 15:25:08,871 - DEBUG - Marked context:
{
  "title": "", >>> ERROR HERE >>> ,SteamRising":"TheFutureConvention":"ConventionConfrontation":01",
  "character_descriptions": {
   
2025-03-08 15:25:08,872 - INFO - Checking: test2.json
2025-03-08 15:25:08,874 - INFO - Checking: test3.json
2025-03-08 15:25:08,874 - INFO - Checking: Yorick4.json
2025-03-08 15:25:08,875 - INFO - Checking: zamonien-story-2.json
2025-03-08 15:25:08,876 - INFO - Checking: zamonien-story-3.json
2025-03-08 15:25:08,883 - INFO - Checking: zyloth-json-scene.json
2025-03-08 15:27:47,333 - INFO - Found invalid JSON in: chapter-1-infiltration-final.json - Error: Expecting property name enclosed in double quotes: line 2 column 3 (char 4)
2025-03-08 15:27:47,336 - INFO - Scanning directory: C:\CustomScripts\Python\taskRPG\stories
2025-03-08 15:27:47,337 - INFO - Found 29 JSON files.
2025-03-08 15:27:47,347 - INFO - Checking: chapter-1-infiltration-final.json
2025-03-08 15:27:47,348 - DEBUG - Detailed error for chapter-1-infiltration-final.json:
Traceback (most recent call last):
  File "C:\CustomScripts\Python\taskRPG\json-repair-gui.py", line 91, in is_valid_json
    json.loads(content)
  File "C:\Users\gabri\AppData\Local\Programs\Python\Python312\Lib\json\__init__.py", line 346, in loads
    return _default_decoder.decode(s)
           ^^^^^^^^^^^^^^^^^^^^^^^^^^
  File "C:\Users\gabri\AppData\Local\Programs\Python\Python312\Lib\json\decoder.py", line 337, in decode
    obj, end = self.raw_decode(s, idx=_w(s, 0).end())
               ^^^^^^^^^^^^^^^^^^^^^^^^^^^^^^^^^^^^^^
  File "C:\Users\gabri\AppData\Local\Programs\Python\Python312\Lib\json\decoder.py", line 353, in raw_decode
    obj, end = self.scan_once(s, idx)
               ^^^^^^^^^^^^^^^^^^^^^^
json.decoder.JSONDecodeError: Expecting property name enclosed in double quotes: line 2 column 3 (char 4)

2025-03-08 15:27:47,349 - DEBUG - JSON content around error position (char 4):
{
  [Previous nodes 1-10 remain the same as they're working well]

  "node11": {
    "text": "'The neura
2025-03-08 15:27:47,349 - DEBUG - Marked context:
{
   >>> ERROR HERE >>> [Previous nodes 1-10 remain the same as they're working well]

  "node11": {
    "text": "'The neura
2025-03-08 15:27:47,349 - INFO - Found invalid JSON in: chapter-1-team-meeting-final.json - Error: Expecting ',' delimiter: line 37 column 220 (char 3629)
2025-03-08 15:27:47,350 - DEBUG - Detailed error for chapter-1-team-meeting-final.json:
Traceback (most recent call last):
  File "C:\CustomScripts\Python\taskRPG\json-repair-gui.py", line 91, in is_valid_json
    json.loads(content)
  File "C:\Users\gabri\AppData\Local\Programs\Python\Python312\Lib\json\__init__.py", line 346, in loads
    return _default_decoder.decode(s)
           ^^^^^^^^^^^^^^^^^^^^^^^^^^
  File "C:\Users\gabri\AppData\Local\Programs\Python\Python312\Lib\json\decoder.py", line 337, in decode
    obj, end = self.raw_decode(s, idx=_w(s, 0).end())
               ^^^^^^^^^^^^^^^^^^^^^^^^^^^^^^^^^^^^^^
  File "C:\Users\gabri\AppData\Local\Programs\Python\Python312\Lib\json\decoder.py", line 353, in raw_decode
    obj, end = self.scan_once(s, idx)
               ^^^^^^^^^^^^^^^^^^^^^^
json.decoder.JSONDecodeError: Expecting ',' delimiter: line 37 column 220 (char 3629)

2025-03-08 15:27:47,350 - DEBUG - JSON content around error position (char 3629):
ption effect - readable only from their exact position. 'Fifty-seven kids across Seattle. All with "donated" military-grade chrome showing specific rejection patterns.' His goggles reflect scrolling d
2025-03-08 15:27:47,350 - DEBUG - Marked context:
ption effect - readable only from their exact position. 'Fifty-seven kids across Seattle. All with " >>> ERROR HERE >>> donated" military-grade chrome showing specific rejection patterns.' His goggles reflect scrolling d
2025-03-08 15:27:47,350 - INFO - Found invalid JSON in: chapter-1-team-meeting.json - Error: Expecting ',' delimiter: line 16 column 206 (char 1466)
2025-03-08 15:27:47,350 - INFO - Checking: chapter-1-team-meeting-final.json
2025-03-08 15:27:47,352 - DEBUG - Detailed error for chapter-1-team-meeting.json:
Traceback (most recent call last):
  File "C:\CustomScripts\Python\taskRPG\json-repair-gui.py", line 91, in is_valid_json
    json.loads(content)
  File "C:\Users\gabri\AppData\Local\Programs\Python\Python312\Lib\json\__init__.py", line 346, in loads
    return _default_decoder.decode(s)
           ^^^^^^^^^^^^^^^^^^^^^^^^^^
  File "C:\Users\gabri\AppData\Local\Programs\Python\Python312\Lib\json\decoder.py", line 337, in decode
    obj, end = self.raw_decode(s, idx=_w(s, 0).end())
               ^^^^^^^^^^^^^^^^^^^^^^^^^^^^^^^^^^^^^^
  File "C:\Users\gabri\AppData\Local\Programs\Python\Python312\Lib\json\decoder.py", line 353, in raw_decode
    obj, end = self.scan_once(s, idx)
               ^^^^^^^^^^^^^^^^^^^^^^
json.decoder.JSONDecodeError: Expecting ',' delimiter: line 16 column 206 (char 1466)

2025-03-08 15:27:47,357 - INFO - Checking: chapter-1-team-meeting.json
2025-03-08 15:27:47,358 - DEBUG - JSON content around error position (char 1466):
sper's starting evacuations. Fifty-seven kids with similar implants identified across Seattle. All "donated" by Ares shell companies.' Maya's chrome eyes flicker as she accesses corporate records. 'Sa
2025-03-08 15:27:47,358 - DEBUG - Marked context:
sper's starting evacuations. Fifty-seven kids with similar implants identified across Seattle. All " >>> ERROR HERE >>> donated" by Ares shell companies.' Maya's chrome eyes flicker as she accesses corporate records. 'Sa
2025-03-08 15:27:47,361 - INFO - Checking: default_story.json
2025-03-08 15:27:47,361 - INFO - Found invalid JSON in: ext.json - Error: 'utf-8' codec can't decode byte 0xb9 in position 318: invalid start byte
2025-03-08 15:27:47,364 - INFO - Checking: exc.json
2025-03-08 15:27:47,369 - INFO - Checking: ext.json
2025-03-08 15:27:47,369 - DEBUG - Detailed error for ext.json:
Traceback (most recent call last):
  File "C:\CustomScripts\Python\taskRPG\json-repair-gui.py", line 90, in is_valid_json
    content = f.read()
              ^^^^^^^^
  File "<frozen codecs>", line 322, in decode
UnicodeDecodeError: 'utf-8' codec can't decode byte 0xb9 in position 318: invalid start byte

2025-03-08 15:27:47,371 - INFO - Found invalid JSON in: gimble-chapter-five.json - Error: Expecting value: line 1 column 1 (char 0)
2025-03-08 15:27:47,372 - INFO - Checking: Gimbble1.json
2025-03-08 15:27:47,373 - INFO - Checking: gimble-chapter-five.json
2025-03-08 15:27:47,374 - DEBUG - Detailed error for gimble-chapter-five.json:
Traceback (most recent call last):
  File "C:\CustomScripts\Python\taskRPG\json-repair-gui.py", line 91, in is_valid_json
    json.loads(content)
  File "C:\Users\gabri\AppData\Local\Programs\Python\Python312\Lib\json\__init__.py", line 346, in loads
    return _default_decoder.decode(s)
           ^^^^^^^^^^^^^^^^^^^^^^^^^^
  File "C:\Users\gabri\AppData\Local\Programs\Python\Python312\Lib\json\decoder.py", line 337, in decode
    obj, end = self.raw_decode(s, idx=_w(s, 0).end())
               ^^^^^^^^^^^^^^^^^^^^^^^^^^^^^^^^^^^^^^
  File "C:\Users\gabri\AppData\Local\Programs\Python\Python312\Lib\json\decoder.py", line 355, in raw_decode
    raise JSONDecodeError("Expecting value", s, err.value) from None
json.decoder.JSONDecodeError: Expecting value: line 1 column 1 (char 0)

2025-03-08 15:27:47,374 - DEBUG - JSON content around error position (char 0):
# GIMBLE: OPERATION QUANTUM TOAST - CHAPTER 5

```json
{
  "chapter_title": "Operation Quantum Toast
2025-03-08 15:27:47,374 - INFO - Found invalid JSON in: gimble-chapter-four.json - Error: Expecting value: line 1 column 1 (char 0)
2025-03-08 15:27:47,376 - DEBUG - Detailed error for gimble-chapter-four.json:
Traceback (most recent call last):
  File "C:\CustomScripts\Python\taskRPG\json-repair-gui.py", line 91, in is_valid_json
    json.loads(content)
  File "C:\Users\gabri\AppData\Local\Programs\Python\Python312\Lib\json\__init__.py", line 346, in loads
    return _default_decoder.decode(s)
           ^^^^^^^^^^^^^^^^^^^^^^^^^^
  File "C:\Users\gabri\AppData\Local\Programs\Python\Python312\Lib\json\decoder.py", line 337, in decode
    obj, end = self.raw_decode(s, idx=_w(s, 0).end())
               ^^^^^^^^^^^^^^^^^^^^^^^^^^^^^^^^^^^^^^
  File "C:\Users\gabri\AppData\Local\Programs\Python\Python312\Lib\json\decoder.py", line 355, in raw_decode
    raise JSONDecodeError("Expecting value", s, err.value) from None
json.decoder.JSONDecodeError: Expecting value: line 1 column 1 (char 0)

2025-03-08 15:27:47,376 - DEBUG - JSON content around error position (char 0):
# GIMBLE: QUANTUM ENTANGLEMENTS - CHAPTER 4

```json
{
  "chapter_title": "Quantum Entanglements",
 
2025-03-08 15:27:47,376 - INFO - Found invalid JSON in: gimble-chapter-fourv2.json - Error: Expecting value: line 1 column 1 (char 0)
2025-03-08 15:27:47,377 - DEBUG - Detailed error for gimble-chapter-fourv2.json:
Traceback (most recent call last):
  File "C:\CustomScripts\Python\taskRPG\json-repair-gui.py", line 91, in is_valid_json
    json.loads(content)
  File "C:\Users\gabri\AppData\Local\Programs\Python\Python312\Lib\json\__init__.py", line 346, in loads
    return _default_decoder.decode(s)
           ^^^^^^^^^^^^^^^^^^^^^^^^^^
  File "C:\Users\gabri\AppData\Local\Programs\Python\Python312\Lib\json\decoder.py", line 337, in decode
    obj, end = self.raw_decode(s, idx=_w(s, 0).end())
               ^^^^^^^^^^^^^^^^^^^^^^^^^^^^^^^^^^^^^^
  File "C:\Users\gabri\AppData\Local\Programs\Python\Python312\Lib\json\decoder.py", line 355, in raw_decode
    raise JSONDecodeError("Expecting value", s, err.value) from None
json.decoder.JSONDecodeError: Expecting value: line 1 column 1 (char 0)

2025-03-08 15:27:47,377 - DEBUG - JSON content around error position (char 0):
# GIMBLE: QUANTUM ENTANGLEMENTS - CHAPTER 4

```json
{
  "chapter_title": "Quantum Entanglements",
 
2025-03-08 15:27:47,378 - INFO - Found invalid JSON in: gimble-json-story-chapter6.json - Error: Expecting ',' delimiter: line 106 column 257 (char 24249)
2025-03-08 15:27:47,378 - DEBUG - Detailed error for gimble-json-story-chapter6.json:
Traceback (most recent call last):
  File "C:\CustomScripts\Python\taskRPG\json-repair-gui.py", line 91, in is_valid_json
    json.loads(content)
  File "C:\Users\gabri\AppData\Local\Programs\Python\Python312\Lib\json\__init__.py", line 346, in loads
    return _default_decoder.decode(s)
           ^^^^^^^^^^^^^^^^^^^^^^^^^^
  File "C:\Users\gabri\AppData\Local\Programs\Python\Python312\Lib\json\decoder.py", line 337, in decode
    obj, end = self.raw_decode(s, idx=_w(s, 0).end())
               ^^^^^^^^^^^^^^^^^^^^^^^^^^^^^^^^^^^^^^
  File "C:\Users\gabri\AppData\Local\Programs\Python\Python312\Lib\json\decoder.py", line 353, in raw_decode
    obj, end = self.scan_once(s, idx)
               ^^^^^^^^^^^^^^^^^^^^^^
json.decoder.JSONDecodeError: Expecting ',' delimiter: line 106 column 257 (char 24249)

2025-03-08 15:27:47,379 - DEBUG - JSON content around error position (char 24249):
tabilized into conventional right angles, impossible rooms were concealed behind hastily installed "maintenance access only" signs, and Gimble's more exotic technology was hidden beneath holographic p
2025-03-08 15:27:47,379 - INFO - Checking: gimble-chapter-four.json
2025-03-08 15:27:47,379 - DEBUG - Marked context:
tabilized into conventional right angles, impossible rooms were concealed behind hastily installed " >>> ERROR HERE >>> maintenance access only" signs, and Gimble's more exotic technology was hidden beneath holographic p
2025-03-08 15:27:47,380 - INFO - Checking: gimble-chapter-fourv2.json
2025-03-08 15:27:47,381 - INFO - Checking: gimble-json-story-chapter4 (1).json
2025-03-08 15:27:47,381 - INFO - Found invalid JSON in: gimble-json-story-chapter7.json - Error: Expecting ',' delimiter: line 47 column 118 (char 12454)
2025-03-08 15:27:47,383 - INFO - Checking: gimble-json-story-chapter5.json
2025-03-08 15:27:47,384 - INFO - Checking: gimble-json-story-chapter6.json
2025-03-08 15:27:47,384 - DEBUG - Detailed error for gimble-json-story-chapter7.json:
Traceback (most recent call last):
  File "C:\CustomScripts\Python\taskRPG\json-repair-gui.py", line 91, in is_valid_json
    json.loads(content)
  File "C:\Users\gabri\AppData\Local\Programs\Python\Python312\Lib\json\__init__.py", line 346, in loads
    return _default_decoder.decode(s)
           ^^^^^^^^^^^^^^^^^^^^^^^^^^
  File "C:\Users\gabri\AppData\Local\Programs\Python\Python312\Lib\json\decoder.py", line 337, in decode
    obj, end = self.raw_decode(s, idx=_w(s, 0).end())
               ^^^^^^^^^^^^^^^^^^^^^^^^^^^^^^^^^^^^^^
  File "C:\Users\gabri\AppData\Local\Programs\Python\Python312\Lib\json\decoder.py", line 353, in raw_decode
    obj, end = self.scan_once(s, idx)
               ^^^^^^^^^^^^^^^^^^^^^^
json.decoder.JSONDecodeError: Expecting ',' delimiter: line 47 column 118 (char 12454)

2025-03-08 15:27:47,384 - DEBUG - JSON content around error position (char 12454):
": "The team conducts surveillance from a café across from an unremarkable corporate building with "Meridian Analytics" displayed in modest signage. Mrs. Kapoor appears to be a dignified elderly woman
2025-03-08 15:27:47,385 - INFO - Checking: gimble-json-story-chapter7.json
2025-03-08 15:27:47,386 - DEBUG - Marked context:
": "The team conducts surveillance from a café across from an unremarkable corporate building with " >>> ERROR HERE >>> Meridian Analytics" displayed in modest signage. Mrs. Kapoor appears to be a dignified elderly woman
2025-03-08 15:27:47,387 - INFO - Found invalid JSON in: gimble-json-story-part3.json - Error: Invalid control character at: line 14 column 253 (char 5490)
2025-03-08 15:27:47,387 - DEBUG - Detailed error for gimble-json-story-part3.json:
Traceback (most recent call last):
  File "C:\CustomScripts\Python\taskRPG\json-repair-gui.py", line 91, in is_valid_json
    json.loads(content)
  File "C:\Users\gabri\AppData\Local\Programs\Python\Python312\Lib\json\__init__.py", line 346, in loads
    return _default_decoder.decode(s)
           ^^^^^^^^^^^^^^^^^^^^^^^^^^
  File "C:\Users\gabri\AppData\Local\Programs\Python\Python312\Lib\json\decoder.py", line 337, in decode
    obj, end = self.raw_decode(s, idx=_w(s, 0).end())
               ^^^^^^^^^^^^^^^^^^^^^^^^^^^^^^^^^^^^^^
  File "C:\Users\gabri\AppData\Local\Programs\Python\Python312\Lib\json\decoder.py", line 353, in raw_decode
    obj, end = self.scan_once(s, idx)
               ^^^^^^^^^^^^^^^^^^^^^^
json.decoder.JSONDecodeError: Invalid control character at: line 14 column 253 (char 5490)

2025-03-08 15:27:47,387 - INFO - Checking: gimble-json-story-part3.json
2025-03-08 15:27:47,388 - DEBUG - JSON content around error position (char 5490):
antly with his bizarre device held high. The team stands behind him with expressions of disbelief.  
    
LIGHTING: Multiple light sources create a dramatic scene - pulsing blue-purple light from the 
2025-03-08 15:27:47,388 - DEBUG - Marked context:
antly with his bizarre device held high. The team stands behind him with expressions of disbelief.   >>> ERROR HERE >>> 
    
LIGHTING: Multiple light sources create a dramatic scene - pulsing blue-purple light from the 
2025-03-08 15:27:47,389 - INFO - Found invalid JSON in: Gimble3.json - Error: Expecting ',' delimiter: line 123 column 228 (char 38791)
2025-03-08 15:27:47,389 - DEBUG - Detailed error for Gimble3.json:
Traceback (most recent call last):
  File "C:\CustomScripts\Python\taskRPG\json-repair-gui.py", line 91, in is_valid_json
    json.loads(content)
  File "C:\Users\gabri\AppData\Local\Programs\Python\Python312\Lib\json\__init__.py", line 346, in loads
    return _default_decoder.decode(s)
           ^^^^^^^^^^^^^^^^^^^^^^^^^^
  File "C:\Users\gabri\AppData\Local\Programs\Python\Python312\Lib\json\decoder.py", line 337, in decode
    obj, end = self.raw_decode(s, idx=_w(s, 0).end())
               ^^^^^^^^^^^^^^^^^^^^^^^^^^^^^^^^^^^^^^
  File "C:\Users\gabri\AppData\Local\Programs\Python\Python312\Lib\json\decoder.py", line 353, in raw_decode
    obj, end = self.scan_once(s, idx)
               ^^^^^^^^^^^^^^^^^^^^^^
json.decoder.JSONDecodeError: Expecting ',' delimiter: line 123 column 228 (char 38791)

2025-03-08 15:27:47,389 - DEBUG - JSON content around error position (char 38791):
s the corridor. The panel is framed between the legs of the battling combatants, creating a visual "path" through danger to potential escape.\n\nLIGHTING: The small maintenance panel has a subtle gree
2025-03-08 15:27:47,389 - DEBUG - Marked context:
s the corridor. The panel is framed between the legs of the battling combatants, creating a visual " >>> ERROR HERE >>> path" through danger to potential escape.\n\nLIGHTING: The small maintenance panel has a subtle gree
2025-03-08 15:27:47,389 - INFO - Found invalid JSON in: LuminaPart9.json - Error: Expecting property name enclosed in double quotes: line 101 column 14 (char 14329)
2025-03-08 15:27:47,390 - DEBUG - Detailed error for LuminaPart9.json:
Traceback (most recent call last):
  File "C:\CustomScripts\Python\taskRPG\json-repair-gui.py", line 91, in is_valid_json
    json.loads(content)
  File "C:\Users\gabri\AppData\Local\Programs\Python\Python312\Lib\json\__init__.py", line 346, in loads
    return _default_decoder.decode(s)
           ^^^^^^^^^^^^^^^^^^^^^^^^^^
  File "C:\Users\gabri\AppData\Local\Programs\Python\Python312\Lib\json\decoder.py", line 337, in decode
    obj, end = self.raw_decode(s, idx=_w(s, 0).end())
               ^^^^^^^^^^^^^^^^^^^^^^^^^^^^^^^^^^^^^^
  File "C:\Users\gabri\AppData\Local\Programs\Python\Python312\Lib\json\decoder.py", line 353, in raw_decode
    obj, end = self.scan_once(s, idx)
               ^^^^^^^^^^^^^^^^^^^^^^
json.decoder.JSONDecodeError: Expecting property name enclosed in double quotes: line 101 column 14 (char 14329)

2025-03-08 15:27:47,390 - DEBUG - JSON content around error position (char 14329):
s' and the hidden magical locations in 'Fantastic Beasts'.",
    "next": "node12"
  },
  "node12": {
2025-03-08 15:27:47,390 - INFO - Found invalid JSON in: nox-story (1).json - Error: Expecting ',' delimiter: line 19 column 3 (char 3393)
2025-03-08 15:27:47,391 - DEBUG - Detailed error for nox-story (1).json:
Traceback (most recent call last):
  File "C:\CustomScripts\Python\taskRPG\json-repair-gui.py", line 91, in is_valid_json
    json.loads(content)
  File "C:\Users\gabri\AppData\Local\Programs\Python\Python312\Lib\json\__init__.py", line 346, in loads
    return _default_decoder.decode(s)
           ^^^^^^^^^^^^^^^^^^^^^^^^^^
  File "C:\Users\gabri\AppData\Local\Programs\Python\Python312\Lib\json\decoder.py", line 337, in decode
    obj, end = self.raw_decode(s, idx=_w(s, 0).end())
               ^^^^^^^^^^^^^^^^^^^^^^^^^^^^^^^^^^^^^^
  File "C:\Users\gabri\AppData\Local\Programs\Python\Python312\Lib\json\decoder.py", line 353, in raw_decode
    obj, end = self.scan_once(s, idx)
               ^^^^^^^^^^^^^^^^^^^^^^
json.decoder.JSONDecodeError: Expecting ',' delimiter: line 19 column 3 (char 3393)

2025-03-08 15:27:47,391 - DEBUG - JSON content around error position (char 3393):
red by Renaissance paintings of divine light breaking through darkness.",
    "next": "node3"
  }
  [Previous nodes continue as before through battle2, then...]
  "node10": {
    "text": "As the void 
2025-03-08 15:27:47,392 - DEBUG - Marked context:
red by Renaissance paintings of divine light breaking through darkness.",
    "next": "node3"
  }
   >>> ERROR HERE >>> [Previous nodes continue as before through battle2, then...]
  "node10": {
    "text": "As the void 
2025-03-08 15:27:47,392 - INFO - Found invalid JSON in: steamRome.json - Error: 'utf-8' codec can't decode byte 0x96 in position 13317: invalid start byte
2025-03-08 15:27:47,392 - DEBUG - Detailed error for steamRome.json:
Traceback (most recent call last):
  File "C:\CustomScripts\Python\taskRPG\json-repair-gui.py", line 90, in is_valid_json
    content = f.read()
              ^^^^^^^^
  File "<frozen codecs>", line 322, in decode
UnicodeDecodeError: 'utf-8' codec can't decode byte 0x96 in position 13317: invalid start byte

2025-03-08 15:27:47,392 - INFO - Found invalid JSON in: test2.json - Error: Expecting ',' delimiter: line 20 column 3 (char 3395)
2025-03-08 15:27:47,393 - DEBUG - Detailed error for test2.json:
Traceback (most recent call last):
  File "C:\CustomScripts\Python\taskRPG\json-repair-gui.py", line 91, in is_valid_json
    json.loads(content)
  File "C:\Users\gabri\AppData\Local\Programs\Python\Python312\Lib\json\__init__.py", line 346, in loads
    return _default_decoder.decode(s)
           ^^^^^^^^^^^^^^^^^^^^^^^^^^
  File "C:\Users\gabri\AppData\Local\Programs\Python\Python312\Lib\json\decoder.py", line 337, in decode
    obj, end = self.raw_decode(s, idx=_w(s, 0).end())
               ^^^^^^^^^^^^^^^^^^^^^^^^^^^^^^^^^^^^^^
  File "C:\Users\gabri\AppData\Local\Programs\Python\Python312\Lib\json\decoder.py", line 353, in raw_decode
    obj, end = self.scan_once(s, idx)
               ^^^^^^^^^^^^^^^^^^^^^^
json.decoder.JSONDecodeError: Expecting ',' delimiter: line 20 column 3 (char 3395)

2025-03-08 15:27:47,393 - DEBUG - JSON content around error position (char 3395):
d by Renaissance paintings of divine light breaking through darkness.",
    "next": "node10"
  }

  "node10": {
    "text": "As the void operatives begin their self-destruct sequence, Nox notices some
2025-03-08 15:27:47,393 - DEBUG - Marked context:
d by Renaissance paintings of divine light breaking through darkness.",
    "next": "node10"
  }

   >>> ERROR HERE >>> "node10": {
    "text": "As the void operatives begin their self-destruct sequence, Nox notices some
2025-03-08 15:27:47,394 - INFO - Checking: Gimble3.json
2025-03-08 15:27:47,397 - INFO - Checking: LuminaPart9.json
2025-03-08 15:27:47,397 - INFO - Found invalid JSON in: test3.json - Error: Expecting ',' delimiter: line 20 column 3 (char 3395)
2025-03-08 15:27:47,398 - INFO - Checking: nox-story (1).json
2025-03-08 15:27:47,398 - DEBUG - Detailed error for test3.json:
Traceback (most recent call last):
  File "C:\CustomScripts\Python\taskRPG\json-repair-gui.py", line 91, in is_valid_json
    json.loads(content)
  File "C:\Users\gabri\AppData\Local\Programs\Python\Python312\Lib\json\__init__.py", line 346, in loads
    return _default_decoder.decode(s)
           ^^^^^^^^^^^^^^^^^^^^^^^^^^
  File "C:\Users\gabri\AppData\Local\Programs\Python\Python312\Lib\json\decoder.py", line 337, in decode
    obj, end = self.raw_decode(s, idx=_w(s, 0).end())
               ^^^^^^^^^^^^^^^^^^^^^^^^^^^^^^^^^^^^^^
  File "C:\Users\gabri\AppData\Local\Programs\Python\Python312\Lib\json\decoder.py", line 353, in raw_decode
    obj, end = self.scan_once(s, idx)
               ^^^^^^^^^^^^^^^^^^^^^^
json.decoder.JSONDecodeError: Expecting ',' delimiter: line 20 column 3 (char 3395)

2025-03-08 15:27:47,399 - DEBUG - JSON content around error position (char 3395):
d by Renaissance paintings of divine light breaking through darkness.",
    "next": "node10"
  }

  "node10": {
    "text": "As the void operatives begin their self-destruct sequence, Nox notices some
2025-03-08 15:27:47,399 - INFO - Checking: nox-story-sabotage (1).json
2025-03-08 15:27:47,399 - DEBUG - Marked context:
d by Renaissance paintings of divine light breaking through darkness.",
    "next": "node10"
  }

   >>> ERROR HERE >>> "node10": {
    "text": "As the void operatives begin their self-destruct sequence, Nox notices some
2025-03-08 15:27:47,400 - INFO - Checking: sample-file.json
2025-03-08 15:27:47,402 - INFO - Checking: steamRome.json
2025-03-08 15:27:47,402 - INFO - Found invalid JSON in: Yorick4.json - Error: Invalid control character at: line 46 column 232 (char 7320)
2025-03-08 15:27:47,403 - INFO - Checking: story-json (1).json
2025-03-08 15:27:47,405 - INFO - Checking: storyClaude.json
2025-03-08 15:27:47,409 - DEBUG - Detailed error for Yorick4.json:
Traceback (most recent call last):
  File "C:\CustomScripts\Python\taskRPG\json-repair-gui.py", line 91, in is_valid_json
    json.loads(content)
  File "C:\Users\gabri\AppData\Local\Programs\Python\Python312\Lib\json\__init__.py", line 346, in loads
    return _default_decoder.decode(s)
           ^^^^^^^^^^^^^^^^^^^^^^^^^^
  File "C:\Users\gabri\AppData\Local\Programs\Python\Python312\Lib\json\decoder.py", line 337, in decode
    obj, end = self.raw_decode(s, idx=_w(s, 0).end())
               ^^^^^^^^^^^^^^^^^^^^^^^^^^^^^^^^^^^^^^
  File "C:\Users\gabri\AppData\Local\Programs\Python\Python312\Lib\json\decoder.py", line 353, in raw_decode
    obj, end = self.scan_once(s, idx)
               ^^^^^^^^^^^^^^^^^^^^^^
json.decoder.JSONDecodeError: Invalid control character at: line 46 column 232 (char 7320)

2025-03-08 15:27:47,409 - INFO - Checking: test2.json
2025-03-08 15:27:47,409 - DEBUG - JSON content around error position (char 7320):
tmosphere. Cinematic wide shot, slight high angle. Main lighting: cold blue glow from the mist. Fore

2025-03-08 15:27:47,409 - DEBUG - Marked context:
tmosphere. Cinematic wide shot, slight high angle. Main lighting: cold blue glow from the mist. Fore >>> ERROR HERE >>> 

2025-03-08 15:27:47,410 - INFO - Checking: test3.json
2025-03-08 15:27:47,412 - INFO - Checking: Yorick4.json
2025-03-08 15:27:47,412 - INFO - Found invalid JSON in: zyloth-json-scene.json - Error: Expecting property name enclosed in double quotes: line 2 column 15 (char 16)
2025-03-08 15:27:47,414 - INFO - Checking: zamonien-story-2.json
2025-03-08 15:27:47,414 - DEBUG - Detailed error for zyloth-json-scene.json:
Traceback (most recent call last):
  File "C:\CustomScripts\Python\taskRPG\json-repair-gui.py", line 91, in is_valid_json
    json.loads(content)
  File "C:\Users\gabri\AppData\Local\Programs\Python\Python312\Lib\json\__init__.py", line 346, in loads
    return _default_decoder.decode(s)
           ^^^^^^^^^^^^^^^^^^^^^^^^^^
  File "C:\Users\gabri\AppData\Local\Programs\Python\Python312\Lib\json\decoder.py", line 337, in decode
    obj, end = self.raw_decode(s, idx=_w(s, 0).end())
               ^^^^^^^^^^^^^^^^^^^^^^^^^^^^^^^^^^^^^^
  File "C:\Users\gabri\AppData\Local\Programs\Python\Python312\Lib\json\decoder.py", line 353, in raw_decode
    obj, end = self.scan_once(s, idx)
               ^^^^^^^^^^^^^^^^^^^^^^
json.decoder.JSONDecodeError: Expecting property name enclosed in double quotes: line 2 column 15 (char 16)

2025-03-08 15:27:47,414 - DEBUG - JSON content around error position (char 16):
{
  "title": "",,SteamRising":"TheFutureConvention":"ConventionConfrontation":01",
  "character_descriptions": {
   
2025-03-08 15:27:47,414 - DEBUG - Marked context:
{
  "title": "", >>> ERROR HERE >>> ,SteamRising":"TheFutureConvention":"ConventionConfrontation":01",
  "character_descriptions": {
   
2025-03-08 15:27:47,415 - INFO - Checking: zamonien-story-3.json
2025-03-08 15:27:47,416 - INFO - Checking: zyloth-json-scene.json
2025-03-08 15:27:51,514 - DEBUG - Original content of C:\CustomScripts\Python\taskRPG\stories\zyloth-json-scene.json:
{
  "title": "",,SteamRising":"TheFutureConvention":"ConventionConfrontation":01",
  "character_descriptions": {
    "ZYLOTH": "A brass-bodied steampunk AI with a top hat and monocle, standing 6'3\" tall with telescopic legs. Steam occasionally puffs from shoulder vents. Intricate gears visible at joints. Wears a burgundy waistcoat with brass buttons and pocket watch chain. Face features expressive brass eyebrows and a mustache-like ornament. Carries a brass-handled walking stick and a weathered...
2025-03-08 15:27:51,514 - INFO - Repairing 1 files...
2025-03-08 15:27:51,520 - INFO - Repairing: zyloth-json-scene.json
2025-03-08 15:27:51,521 - INFO - Created backup at: C:\CustomScripts\Python\taskRPG\stories\zyloth-json-scene.json.bak
2025-03-08 15:27:51,525 - DEBUG - Repairs were made to C:\CustomScripts\Python\taskRPG\stories\zyloth-json-scene.json
2025-03-08 15:27:51,525 - DEBUG - Repaired content of C:\CustomScripts\Python\taskRPG\stories\zyloth-json-scene.json:
{
  "title": "\, ",,SteamRising":"TheFutureConvention":  , "ConventionConfrontation, ":01",   "character_descriptions": {
    \,
"ZYLOTH": \"A brass-bodied steampunk AI with a top hat and monocle, standing 6'3\, " tall with telescopic legs. Steam occasionally puffs from shoulder vents. Intricate gears visible at joints. Wears a burgundy waistcoat with brass buttons and pocket watch chain. Face features expressive brass eyebrows and a mustache-like ornament. Carries a brass-handled walking stick ...
2025-03-08 15:27:51,525 - ERROR - Repair attempt failed for C:\CustomScripts\Python\taskRPG\stories\zyloth-json-scene.json: Repair attempt failed: Invalid \escape: line 2 column 13 (char 14)
2025-03-08 15:27:51,526 - DEBUG - Detailed repair error for C:\CustomScripts\Python\taskRPG\stories\zyloth-json-scene.json:
Traceback (most recent call last):
  File "C:\CustomScripts\Python\taskRPG\json-repair-gui.py", line 175, in repair_json_file
    repaired_json = json.loads(repaired_content)
                    ^^^^^^^^^^^^^^^^^^^^^^^^^^^^
  File "C:\Users\gabri\AppData\Local\Programs\Python\Python312\Lib\json\__init__.py", line 346, in loads
    return _default_decoder.decode(s)
           ^^^^^^^^^^^^^^^^^^^^^^^^^^
  File "C:\Users\gabri\AppData\Local\Programs\Python\Python312\Lib\json\decoder.py", line 337, in decode
    obj, end = self.raw_decode(s, idx=_w(s, 0).end())
               ^^^^^^^^^^^^^^^^^^^^^^^^^^^^^^^^^^^^^^
  File "C:\Users\gabri\AppData\Local\Programs\Python\Python312\Lib\json\decoder.py", line 353, in raw_decode
    obj, end = self.scan_once(s, idx)
               ^^^^^^^^^^^^^^^^^^^^^^
json.decoder.JSONDecodeError: Invalid \escape: line 2 column 13 (char 14)

2025-03-08 15:27:51,526 - DEBUG - Repaired JSON context around error (char 14):
{
  "title": "\, ",,SteamRising":"TheFutureConvention":  , "ConventionConfrontation, ":01",   "character_descripti
2025-03-08 15:27:51,530 - INFO - Repair FAILED: zyloth-json-scene.json
